[DEBUG] 27-05-2021 19:18:56 [class: Business.Employees.ShiftPKG.ShiftController,Line:25] - finished constructor shiftController
[DEBUG] 27-05-2021 19:19:02 [class: Business.ApplicationFacade.RegularRoleController,Line:202] - enter create branch function
[DEBUG] 27-05-2021 19:19:02 [class: Business.ApplicationFacade.RegularRoleController,Line:203] - creating instance of the personnel manager in this new branch
[DEBUG] 27-05-2021 19:19:02 [class: Business.ApplicationFacade.RegularRoleController,Line:208] - successfully created branch
[DEBUG] 27-05-2021 19:19:02 [class: Business.ApplicationFacade.RegularRoleController,Line:202] - enter create branch function
[DEBUG] 27-05-2021 19:19:02 [class: Business.ApplicationFacade.RegularRoleController,Line:203] - creating instance of the personnel manager in this new branch
[DEBUG] 27-05-2021 19:19:02 [class: Business.ApplicationFacade.RegularRoleController,Line:208] - successfully created branch
[DEBUG] 27-05-2021 19:19:02 [class: Business.ApplicationFacade.RegularRoleController,Line:202] - enter create branch function
[DEBUG] 27-05-2021 19:19:02 [class: Business.ApplicationFacade.RegularRoleController,Line:203] - creating instance of the personnel manager in this new branch
[DEBUG] 27-05-2021 19:19:02 [class: Business.ApplicationFacade.RegularRoleController,Line:208] - successfully created branch
[DEBUG] 27-05-2021 19:19:02 [class: Business.ApplicationFacade.RegularRoleController,Line:168] - loading data of branch id: 1
[DEBUG] 27-05-2021 19:19:02 [class: Business.ApplicationFacade.RegularRoleController,Line:46] - entered login function with user id: 1
[DEBUG] 27-05-2021 19:19:02 [class: Business.ApplicationFacade.RegularRoleController,Line:48] - successfully logged in - user fields are updated to +1
[DEBUG] 27-05-2021 19:19:02 [class: Business.ApplicationFacade.ManagerRoleController,Line:51] - enter add employee function
[DEBUG] 27-05-2021 19:19:02 [class: Business.ApplicationFacade.ManagerRoleController,Line:59] - successfully added new employee EID: 6 to system
[DEBUG] 27-05-2021 19:19:02 [class: Business.ApplicationFacade.ManagerRoleController,Line:51] - enter add employee function
[DEBUG] 27-05-2021 19:19:02 [class: Business.ApplicationFacade.ManagerRoleController,Line:59] - successfully added new employee EID: 7 to system
[DEBUG] 27-05-2021 19:19:02 [class: Business.ApplicationFacade.ManagerRoleController,Line:51] - enter add employee function
[DEBUG] 27-05-2021 19:19:02 [class: Business.ApplicationFacade.ManagerRoleController,Line:59] - successfully added new employee EID: 8 to system
[DEBUG] 27-05-2021 19:19:02 [class: Business.ApplicationFacade.ManagerRoleController,Line:51] - enter add employee function
[DEBUG] 27-05-2021 19:19:02 [class: Business.ApplicationFacade.ManagerRoleController,Line:59] - successfully added new employee EID: 9 to system
[DEBUG] 27-05-2021 19:19:02 [class: Business.ApplicationFacade.ManagerRoleController,Line:51] - enter add employee function
[DEBUG] 27-05-2021 19:19:02 [class: Business.ApplicationFacade.ManagerRoleController,Line:59] - successfully added new employee EID: 10 to system
[DEBUG] 27-05-2021 19:19:02 [class: Business.ApplicationFacade.ManagerRoleController,Line:51] - enter add employee function
[DEBUG] 27-05-2021 19:19:02 [class: Business.ApplicationFacade.ManagerRoleController,Line:59] - successfully added new employee EID: 11 to system
[DEBUG] 27-05-2021 19:19:02 [class: Business.ApplicationFacade.ManagerRoleController,Line:51] - enter add employee function
[DEBUG] 27-05-2021 19:19:02 [class: Business.ApplicationFacade.ManagerRoleController,Line:59] - successfully added new employee EID: 12 to system
[DEBUG] 27-05-2021 19:19:02 [class: Business.ApplicationFacade.ManagerRoleController,Line:237] - entered default shifts function
[DEBUG] 27-05-2021 19:19:02 [class: Business.ApplicationFacade.ManagerRoleController,Line:239] - parsing strings to enum types of map
[DEBUG] 27-05-2021 19:19:02 [class: Business.Employees.ShiftPKG.ShiftController,Line:53] - default shifts defined
[DEBUG] 27-05-2021 19:19:02 [class: Business.ApplicationFacade.RegularRoleController,Line:57] - enter logout function when current connected id is: 1
[DEBUG] 27-05-2021 19:19:02 [class: Business.ApplicationFacade.RegularRoleController,Line:59] - successfully logged out - user fields are updated to -1 and null role
[DEBUG] 27-05-2021 19:19:02 [class: Business.ApplicationFacade.RegularRoleController,Line:168] - loading data of branch id: 2
[DEBUG] 27-05-2021 19:19:02 [class: Business.ApplicationFacade.RegularRoleController,Line:46] - entered login function with user id: 2
[DEBUG] 27-05-2021 19:19:02 [class: Business.ApplicationFacade.RegularRoleController,Line:48] - successfully logged in - user fields are updated to +2
[DEBUG] 27-05-2021 19:19:02 [class: Business.ApplicationFacade.ManagerRoleController,Line:51] - enter add employee function
[DEBUG] 27-05-2021 19:19:02 [class: Business.ApplicationFacade.ManagerRoleController,Line:59] - successfully added new employee EID: 13 to system
[DEBUG] 27-05-2021 19:19:02 [class: Business.ApplicationFacade.ManagerRoleController,Line:51] - enter add employee function
[DEBUG] 27-05-2021 19:19:02 [class: Business.ApplicationFacade.ManagerRoleController,Line:59] - successfully added new employee EID: 14 to system
[DEBUG] 27-05-2021 19:19:02 [class: Business.ApplicationFacade.ManagerRoleController,Line:51] - enter add employee function
[DEBUG] 27-05-2021 19:19:02 [class: Business.ApplicationFacade.ManagerRoleController,Line:59] - successfully added new employee EID: 15 to system
[DEBUG] 27-05-2021 19:19:02 [class: Business.ApplicationFacade.ManagerRoleController,Line:51] - enter add employee function
[DEBUG] 27-05-2021 19:19:02 [class: Business.ApplicationFacade.ManagerRoleController,Line:59] - successfully added new employee EID: 16 to system
[DEBUG] 27-05-2021 19:19:02 [class: Business.ApplicationFacade.ManagerRoleController,Line:51] - enter add employee function
[DEBUG] 27-05-2021 19:19:02 [class: Business.ApplicationFacade.ManagerRoleController,Line:59] - successfully added new employee EID: 17 to system
[DEBUG] 27-05-2021 19:19:02 [class: Business.ApplicationFacade.ManagerRoleController,Line:51] - enter add employee function
[DEBUG] 27-05-2021 19:19:02 [class: Business.ApplicationFacade.ManagerRoleController,Line:59] - successfully added new employee EID: 18 to system
[DEBUG] 27-05-2021 19:19:02 [class: Business.ApplicationFacade.ManagerRoleController,Line:51] - enter add employee function
[DEBUG] 27-05-2021 19:19:02 [class: Business.ApplicationFacade.ManagerRoleController,Line:59] - successfully added new employee EID: 19 to system
[DEBUG] 27-05-2021 19:19:02 [class: Business.ApplicationFacade.ManagerRoleController,Line:237] - entered default shifts function
[DEBUG] 27-05-2021 19:19:02 [class: Business.ApplicationFacade.ManagerRoleController,Line:239] - parsing strings to enum types of map
[DEBUG] 27-05-2021 19:19:02 [class: Business.Employees.ShiftPKG.ShiftController,Line:53] - default shifts defined
[DEBUG] 27-05-2021 19:19:02 [class: Business.ApplicationFacade.RegularRoleController,Line:57] - enter logout function when current connected id is: 2
[DEBUG] 27-05-2021 19:19:02 [class: Business.ApplicationFacade.RegularRoleController,Line:59] - successfully logged out - user fields are updated to -1 and null role
[DEBUG] 27-05-2021 19:19:02 [class: Business.ApplicationFacade.RegularRoleController,Line:168] - loading data of branch id: 3
[DEBUG] 27-05-2021 19:19:02 [class: Business.ApplicationFacade.RegularRoleController,Line:46] - entered login function with user id: 3
[DEBUG] 27-05-2021 19:19:02 [class: Business.ApplicationFacade.RegularRoleController,Line:48] - successfully logged in - user fields are updated to +3
[DEBUG] 27-05-2021 19:19:02 [class: Business.ApplicationFacade.ManagerRoleController,Line:51] - enter add employee function
[DEBUG] 27-05-2021 19:19:02 [class: Business.ApplicationFacade.ManagerRoleController,Line:59] - successfully added new employee EID: 20 to system
[DEBUG] 27-05-2021 19:19:02 [class: Business.ApplicationFacade.ManagerRoleController,Line:51] - enter add employee function
[DEBUG] 27-05-2021 19:19:02 [class: Business.ApplicationFacade.ManagerRoleController,Line:59] - successfully added new employee EID: 21 to system
[DEBUG] 27-05-2021 19:19:02 [class: Business.ApplicationFacade.ManagerRoleController,Line:51] - enter add employee function
[DEBUG] 27-05-2021 19:19:02 [class: Business.ApplicationFacade.ManagerRoleController,Line:59] - successfully added new employee EID: 22 to system
[DEBUG] 27-05-2021 19:19:02 [class: Business.ApplicationFacade.ManagerRoleController,Line:51] - enter add employee function
[DEBUG] 27-05-2021 19:19:02 [class: Business.ApplicationFacade.ManagerRoleController,Line:59] - successfully added new employee EID: 23 to system
[DEBUG] 27-05-2021 19:19:02 [class: Business.ApplicationFacade.ManagerRoleController,Line:51] - enter add employee function
[DEBUG] 27-05-2021 19:19:02 [class: Business.ApplicationFacade.ManagerRoleController,Line:59] - successfully added new employee EID: 24 to system
[DEBUG] 27-05-2021 19:19:02 [class: Business.ApplicationFacade.ManagerRoleController,Line:51] - enter add employee function
[DEBUG] 27-05-2021 19:19:02 [class: Business.ApplicationFacade.ManagerRoleController,Line:59] - successfully added new employee EID: 25 to system
[DEBUG] 27-05-2021 19:19:02 [class: Business.ApplicationFacade.ManagerRoleController,Line:51] - enter add employee function
[DEBUG] 27-05-2021 19:19:02 [class: Business.ApplicationFacade.ManagerRoleController,Line:59] - successfully added new employee EID: 26 to system
[DEBUG] 27-05-2021 19:19:02 [class: Business.ApplicationFacade.ManagerRoleController,Line:237] - entered default shifts function
[DEBUG] 27-05-2021 19:19:02 [class: Business.ApplicationFacade.ManagerRoleController,Line:239] - parsing strings to enum types of map
[DEBUG] 27-05-2021 19:19:02 [class: Business.Employees.ShiftPKG.ShiftController,Line:53] - default shifts defined
[DEBUG] 27-05-2021 19:19:02 [class: Business.ApplicationFacade.RegularRoleController,Line:57] - enter logout function when current connected id is: 3
[DEBUG] 27-05-2021 19:19:02 [class: Business.ApplicationFacade.RegularRoleController,Line:59] - successfully logged out - user fields are updated to -1 and null role
[DEBUG] 27-05-2021 19:19:02 [class: Business.ApplicationFacade.RegularRoleController,Line:168] - loading data of branch id: 1
[DEBUG] 27-05-2021 19:19:02 [class: Business.ApplicationFacade.RegularRoleController,Line:46] - entered login function with user id: 6
[DEBUG] 27-05-2021 19:19:02 [class: Business.ApplicationFacade.RegularRoleController,Line:48] - successfully logged in - user fields are updated to +6
[DEBUG] 27-05-2021 19:19:02 [class: Business.ApplicationFacade.RegularRoleController,Line:71] - enter add const constraint function
[DEBUG] 27-05-2021 19:19:02 [class: Business.Employees.ShiftPKG.ConstConstraint,Line:20] - Const constraint 1 created
[DEBUG] 27-05-2021 19:19:02 [class: Business.Employees.ShiftPKG.ShiftController,Line:35] - added new const constraint for EID: 6, Day: SUNDAY , ShiftType: Night
[DEBUG] 27-05-2021 19:19:02 [class: Business.ApplicationFacade.RegularRoleController,Line:73] - successfully added const constraint
[DEBUG] 27-05-2021 19:19:02 [class: Business.ApplicationFacade.RegularRoleController,Line:57] - enter logout function when current connected id is: 6
[DEBUG] 27-05-2021 19:19:02 [class: Business.ApplicationFacade.RegularRoleController,Line:59] - successfully logged out - user fields are updated to -1 and null role
[DEBUG] 27-05-2021 19:19:02 [class: Business.ApplicationFacade.RegularRoleController,Line:46] - entered login function with user id: 1
[DEBUG] 27-05-2021 19:19:02 [class: Business.ApplicationFacade.RegularRoleController,Line:48] - successfully logged in - user fields are updated to +1
[DEBUG] 27-05-2021 19:19:02 [class: Business.ApplicationFacade.RegularRoleController,Line:168] - loading data of branch id: 1
[DEBUG] 27-05-2021 19:19:02 [class: Business.ApplicationFacade.ManagerRoleController,Line:258] - entered create week shift function
[DEBUG] 27-05-2021 19:19:02 [class: Business.Employees.ShiftPKG.Shift,Line:41] - shift: 1 created
[DEBUG] 27-05-2021 19:19:02 [class: Business.Employees.ShiftPKG.TempConstraint,Line:17] - Temp constraint 2 created
[DEBUG] 27-05-2021 19:19:02 [class: Business.Employees.ShiftPKG.ShiftController,Line:287] - EID: 6 remove from optionals
[DEBUG] 27-05-2021 19:19:02 [class: Business.Employees.ShiftPKG.ShiftController,Line:287] - EID: 11 remove from optionals
[DEBUG] 27-05-2021 19:19:02 [class: Business.Employees.ShiftPKG.Shift,Line:41] - shift: 2 created
[DEBUG] 27-05-2021 19:19:02 [class: Business.Employees.ShiftPKG.Shift,Line:153] - EID: 12 remove from optionals
[DEBUG] 27-05-2021 19:19:02 [class: Business.Employees.ShiftPKG.TempConstraint,Line:17] - Temp constraint 3 created
[DEBUG] 27-05-2021 19:19:03 [class: Business.Employees.ShiftPKG.Shift,Line:41] - shift: 3 created
[DEBUG] 27-05-2021 19:19:03 [class: Business.Employees.ShiftPKG.TempConstraint,Line:17] - Temp constraint 4 created
[DEBUG] 27-05-2021 19:19:03 [class: Business.Employees.ShiftPKG.ShiftController,Line:287] - EID: 11 remove from optionals
[DEBUG] 27-05-2021 19:19:03 [class: Business.Employees.ShiftPKG.Shift,Line:41] - shift: 4 created
[DEBUG] 27-05-2021 19:19:03 [class: Business.Employees.ShiftPKG.Shift,Line:153] - EID: 12 remove from optionals
[DEBUG] 27-05-2021 19:19:03 [class: Business.Employees.ShiftPKG.TempConstraint,Line:17] - Temp constraint 5 created
[DEBUG] 27-05-2021 19:19:03 [class: Business.Employees.ShiftPKG.Shift,Line:41] - shift: 5 created
[DEBUG] 27-05-2021 19:19:03 [class: Business.Employees.ShiftPKG.TempConstraint,Line:17] - Temp constraint 6 created
[DEBUG] 27-05-2021 19:19:03 [class: Business.Employees.ShiftPKG.ShiftController,Line:287] - EID: 11 remove from optionals
[DEBUG] 27-05-2021 19:19:03 [class: Business.Employees.ShiftPKG.Shift,Line:41] - shift: 6 created
[DEBUG] 27-05-2021 19:19:03 [class: Business.Employees.ShiftPKG.Shift,Line:153] - EID: 12 remove from optionals
[DEBUG] 27-05-2021 19:19:03 [class: Business.Employees.ShiftPKG.TempConstraint,Line:17] - Temp constraint 7 created
[DEBUG] 27-05-2021 19:19:03 [class: Business.Employees.ShiftPKG.Shift,Line:41] - shift: 7 created
[DEBUG] 27-05-2021 19:19:03 [class: Business.Employees.ShiftPKG.TempConstraint,Line:17] - Temp constraint 8 created
[DEBUG] 27-05-2021 19:19:03 [class: Business.Employees.ShiftPKG.ShiftController,Line:287] - EID: 11 remove from optionals
[DEBUG] 27-05-2021 19:19:03 [class: Business.Employees.ShiftPKG.Shift,Line:41] - shift: 8 created
[DEBUG] 27-05-2021 19:19:03 [class: Business.Employees.ShiftPKG.Shift,Line:153] - EID: 12 remove from optionals
[DEBUG] 27-05-2021 19:19:03 [class: Business.Employees.ShiftPKG.TempConstraint,Line:17] - Temp constraint 9 created
[DEBUG] 27-05-2021 19:19:03 [class: Business.Employees.ShiftPKG.Shift,Line:41] - shift: 9 created
[DEBUG] 27-05-2021 19:19:03 [class: Business.Employees.ShiftPKG.TempConstraint,Line:17] - Temp constraint 10 created
[DEBUG] 27-05-2021 19:19:03 [class: Business.Employees.ShiftPKG.ShiftController,Line:287] - EID: 11 remove from optionals
[DEBUG] 27-05-2021 19:19:03 [class: Business.Employees.ShiftPKG.Shift,Line:41] - shift: 10 created
[DEBUG] 27-05-2021 19:19:03 [class: Business.Employees.ShiftPKG.Shift,Line:153] - EID: 12 remove from optionals
[DEBUG] 27-05-2021 19:19:03 [class: Business.Employees.ShiftPKG.TempConstraint,Line:17] - Temp constraint 11 created
[DEBUG] 27-05-2021 19:19:03 [class: Business.Employees.ShiftPKG.Shift,Line:41] - shift: 11 created
[DEBUG] 27-05-2021 19:19:03 [class: Business.Employees.ShiftPKG.TempConstraint,Line:17] - Temp constraint 12 created
[DEBUG] 27-05-2021 19:19:03 [class: Business.ApplicationFacade.Utils,Line:84] - converting shift of business layer to out objects list
[DEBUG] 27-05-2021 19:19:03 [class: Business.ApplicationFacade.Utils,Line:101] - Done.
[DEBUG] 27-05-2021 19:19:03 [class: Business.ApplicationFacade.RegularRoleController,Line:57] - enter logout function when current connected id is: 1
[DEBUG] 27-05-2021 19:19:03 [class: Business.ApplicationFacade.RegularRoleController,Line:59] - successfully logged out - user fields are updated to -1 and null role
[DEBUG] 27-05-2021 19:19:04 [class: Business.ApplicationFacade.ManagerRoleController,Line:51] - enter add employee function
[DEBUG] 27-05-2021 19:19:04 [class: Business.ApplicationFacade.ManagerRoleController,Line:51] - enter add employee function
[DEBUG] 27-05-2021 19:19:09 [class: Business.ApplicationFacade.RegularRoleController,Line:168] - loading data of branch id: 1
[DEBUG] 27-05-2021 19:19:11 [class: Business.ApplicationFacade.RegularRoleController,Line:46] - entered login function with user id: 1
[DEBUG] 27-05-2021 19:19:11 [class: Business.ApplicationFacade.RegularRoleController,Line:48] - successfully logged in - user fields are updated to +1
[DEBUG] 27-05-2021 19:19:15 [class: Business.ApplicationFacade.ManagerRoleController,Line:286] - entered get shifts and employees function
[DEBUG] 27-05-2021 19:19:15 [class: Business.ApplicationFacade.Utils,Line:84] - converting shift of business layer to out objects list
[DEBUG] 27-05-2021 19:19:15 [class: Business.ApplicationFacade.Utils,Line:101] - Done.
[DEBUG] 27-05-2021 19:21:02 [class: Business.ApplicationFacade.Utils,Line:74] - converting employees of business layer to out objects list
[DEBUG] 27-05-2021 19:21:02 [class: Business.ApplicationFacade.Utils,Line:79] - Done.
[DEBUG] 27-05-2021 19:22:11 [class: Business.ApplicationFacade.ManagerRoleController,Line:286] - entered get shifts and employees function
[DEBUG] 27-05-2021 19:22:11 [class: Business.ApplicationFacade.Utils,Line:84] - converting shift of business layer to out objects list
[DEBUG] 27-05-2021 19:22:11 [class: Business.ApplicationFacade.Utils,Line:101] - Done.
[DEBUG] 27-05-2021 19:22:15 [class: Business.ApplicationFacade.ManagerRoleController,Line:271] - entered self make week shift function
[DEBUG] 27-05-2021 19:22:15 [class: Business.Employees.ShiftPKG.Shift,Line:153] - EID: 11 remove from optionals
[DEBUG] 27-05-2021 19:22:15 [class: Business.Employees.ShiftPKG.TempConstraint,Line:17] - Temp constraint 13 created
[DEBUG] 27-05-2021 19:22:15 [class: Business.Employees.ShiftPKG.Shift,Line:153] - EID: 7 remove from optionals
[DEBUG] 27-05-2021 19:22:15 [class: Business.Employees.ShiftPKG.Shift,Line:153] - EID: 7 remove from optionals
[DEBUG] 27-05-2021 19:22:15 [class: Business.Employees.ShiftPKG.TempConstraint,Line:17] - Temp constraint 14 created
[DEBUG] 27-05-2021 19:22:15 [class: Business.Employees.ShiftPKG.Shift,Line:153] - EID: 12 remove from optionals
[DEBUG] 27-05-2021 19:22:15 [class: Business.Employees.ShiftPKG.TempConstraint,Line:17] - Temp constraint 15 created
[DEBUG] 27-05-2021 19:22:15 [class: Business.Employees.ShiftPKG.Shift,Line:153] - EID: 11 remove from optionals
[DEBUG] 27-05-2021 19:22:15 [class: Business.Employees.ShiftPKG.TempConstraint,Line:17] - Temp constraint 16 created
[DEBUG] 27-05-2021 19:22:15 [class: Business.Employees.ShiftPKG.Shift,Line:153] - EID: 7 remove from optionals
[DEBUG] 27-05-2021 19:22:15 [class: Business.Employees.ShiftPKG.Shift,Line:153] - EID: 7 remove from optionals
[DEBUG] 27-05-2021 19:22:15 [class: Business.Employees.ShiftPKG.TempConstraint,Line:17] - Temp constraint 17 created
[DEBUG] 27-05-2021 19:22:15 [class: Business.Employees.ShiftPKG.Shift,Line:153] - EID: 12 remove from optionals
[DEBUG] 27-05-2021 19:22:15 [class: Business.Employees.ShiftPKG.TempConstraint,Line:17] - Temp constraint 18 created
[DEBUG] 27-05-2021 19:22:15 [class: Business.Employees.ShiftPKG.Shift,Line:153] - EID: 11 remove from optionals
[DEBUG] 27-05-2021 19:22:15 [class: Business.Employees.ShiftPKG.TempConstraint,Line:17] - Temp constraint 19 created
[DEBUG] 27-05-2021 19:22:15 [class: Business.Employees.ShiftPKG.Shift,Line:153] - EID: 7 remove from optionals
[DEBUG] 27-05-2021 19:22:15 [class: Business.Employees.ShiftPKG.Shift,Line:153] - EID: 7 remove from optionals
[DEBUG] 27-05-2021 19:22:15 [class: Business.Employees.ShiftPKG.TempConstraint,Line:17] - Temp constraint 20 created
[DEBUG] 27-05-2021 19:22:15 [class: Business.Employees.ShiftPKG.Shift,Line:153] - EID: 12 remove from optionals
[DEBUG] 27-05-2021 19:22:15 [class: Business.Employees.ShiftPKG.TempConstraint,Line:17] - Temp constraint 21 created
[DEBUG] 27-05-2021 19:22:15 [class: Business.Employees.ShiftPKG.Shift,Line:153] - EID: 11 remove from optionals
[DEBUG] 27-05-2021 19:22:15 [class: Business.Employees.ShiftPKG.TempConstraint,Line:17] - Temp constraint 22 created
[DEBUG] 27-05-2021 19:22:15 [class: Business.Employees.ShiftPKG.Shift,Line:153] - EID: 7 remove from optionals
[DEBUG] 27-05-2021 19:22:15 [class: Business.Employees.ShiftPKG.Shift,Line:153] - EID: 7 remove from optionals
[DEBUG] 27-05-2021 19:22:15 [class: Business.Employees.ShiftPKG.TempConstraint,Line:17] - Temp constraint 23 created
[DEBUG] 27-05-2021 19:22:15 [class: Business.Employees.ShiftPKG.Shift,Line:153] - EID: 12 remove from optionals
[DEBUG] 27-05-2021 19:22:15 [class: Business.Employees.ShiftPKG.TempConstraint,Line:17] - Temp constraint 24 created
[DEBUG] 27-05-2021 19:22:15 [class: Business.Employees.ShiftPKG.Shift,Line:153] - EID: 11 remove from optionals
[DEBUG] 27-05-2021 19:22:15 [class: Business.Employees.ShiftPKG.TempConstraint,Line:17] - Temp constraint 25 created
[DEBUG] 27-05-2021 19:22:15 [class: Business.Employees.ShiftPKG.Shift,Line:153] - EID: 7 remove from optionals
[DEBUG] 27-05-2021 19:22:15 [class: Business.Employees.ShiftPKG.Shift,Line:153] - EID: 7 remove from optionals
[DEBUG] 27-05-2021 19:22:15 [class: Business.Employees.ShiftPKG.TempConstraint,Line:17] - Temp constraint 26 created
[DEBUG] 27-05-2021 19:22:15 [class: Business.Employees.ShiftPKG.Shift,Line:153] - EID: 12 remove from optionals
[DEBUG] 27-05-2021 19:22:15 [class: Business.Employees.ShiftPKG.TempConstraint,Line:17] - Temp constraint 27 created
[DEBUG] 27-05-2021 19:22:15 [class: Business.Employees.ShiftPKG.TempConstraint,Line:17] - Temp constraint 28 created
[DEBUG] 27-05-2021 19:22:15 [class: Business.ApplicationFacade.ManagerRoleController,Line:274] - returned to EmployeePKG successfully
[DEBUG] 27-05-2021 19:22:23 [class: Business.ApplicationFacade.ManagerRoleController,Line:286] - entered get shifts and employees function
[DEBUG] 27-05-2021 19:22:23 [class: Business.ApplicationFacade.Utils,Line:84] - converting shift of business layer to out objects list
[DEBUG] 27-05-2021 19:22:23 [class: Business.ApplicationFacade.Utils,Line:101] - Done.
[DEBUG] 27-05-2021 19:23:05 [class: Business.Employees.ShiftPKG.ShiftController,Line:25] - finished constructor shiftController
[DEBUG] 27-05-2021 19:23:08 [class: Business.ApplicationFacade.RegularRoleController,Line:168] - loading data of branch id: 1
[DEBUG] 27-05-2021 19:23:09 [class: Business.ApplicationFacade.RegularRoleController,Line:46] - entered login function with user id: 1
[DEBUG] 27-05-2021 19:23:09 [class: Business.ApplicationFacade.RegularRoleController,Line:48] - successfully logged in - user fields are updated to +1
[DEBUG] 27-05-2021 19:23:11 [class: Business.ApplicationFacade.ManagerRoleController,Line:286] - entered get shifts and employees function
[DEBUG] 27-05-2021 19:23:11 [class: Business.Employees.ShiftPKG.Shift,Line:55] - shift: 1 created
[DEBUG] 27-05-2021 19:23:11 [class: Business.Employees.ShiftPKG.Shift,Line:55] - shift: 2 created
[DEBUG] 27-05-2021 19:23:11 [class: Business.Employees.ShiftPKG.Shift,Line:55] - shift: 3 created
[DEBUG] 27-05-2021 19:23:11 [class: Business.Employees.ShiftPKG.Shift,Line:55] - shift: 4 created
[DEBUG] 27-05-2021 19:23:11 [class: Business.Employees.ShiftPKG.Shift,Line:55] - shift: 5 created
[DEBUG] 27-05-2021 19:23:11 [class: Business.Employees.ShiftPKG.Shift,Line:55] - shift: 6 created
[DEBUG] 27-05-2021 19:23:11 [class: Business.Employees.ShiftPKG.Shift,Line:55] - shift: 7 created
[DEBUG] 27-05-2021 19:23:11 [class: Business.Employees.ShiftPKG.Shift,Line:55] - shift: 8 created
[DEBUG] 27-05-2021 19:23:11 [class: Business.Employees.ShiftPKG.Shift,Line:55] - shift: 9 created
[DEBUG] 27-05-2021 19:23:11 [class: Business.Employees.ShiftPKG.Shift,Line:55] - shift: 10 created
[DEBUG] 27-05-2021 19:23:11 [class: Business.Employees.ShiftPKG.Shift,Line:55] - shift: 11 created
[DEBUG] 27-05-2021 19:23:11 [class: Business.Employees.ShiftPKG.ConstConstraint,Line:27] - Const constraint 1 created
[DEBUG] 27-05-2021 19:23:11 [class: Business.Employees.ShiftPKG.TempConstraint,Line:24] - Temp constraint 2 created
[DEBUG] 27-05-2021 19:23:11 [class: Business.Employees.ShiftPKG.TempConstraint,Line:24] - Temp constraint 3 created
[DEBUG] 27-05-2021 19:23:11 [class: Business.Employees.ShiftPKG.TempConstraint,Line:24] - Temp constraint 4 created
[DEBUG] 27-05-2021 19:23:11 [class: Business.Employees.ShiftPKG.TempConstraint,Line:24] - Temp constraint 5 created
[DEBUG] 27-05-2021 19:23:11 [class: Business.Employees.ShiftPKG.TempConstraint,Line:24] - Temp constraint 6 created
[DEBUG] 27-05-2021 19:23:11 [class: Business.Employees.ShiftPKG.TempConstraint,Line:24] - Temp constraint 7 created
[DEBUG] 27-05-2021 19:23:11 [class: Business.Employees.ShiftPKG.TempConstraint,Line:24] - Temp constraint 8 created
[DEBUG] 27-05-2021 19:23:11 [class: Business.Employees.ShiftPKG.TempConstraint,Line:24] - Temp constraint 9 created
[DEBUG] 27-05-2021 19:23:11 [class: Business.Employees.ShiftPKG.TempConstraint,Line:24] - Temp constraint 10 created
[DEBUG] 27-05-2021 19:23:11 [class: Business.Employees.ShiftPKG.TempConstraint,Line:24] - Temp constraint 11 created
[DEBUG] 27-05-2021 19:23:11 [class: Business.Employees.ShiftPKG.TempConstraint,Line:24] - Temp constraint 12 created
[DEBUG] 27-05-2021 19:23:11 [class: Business.Employees.ShiftPKG.TempConstraint,Line:24] - Temp constraint 13 created
[DEBUG] 27-05-2021 19:23:11 [class: Business.Employees.ShiftPKG.TempConstraint,Line:24] - Temp constraint 14 created
[DEBUG] 27-05-2021 19:23:11 [class: Business.Employees.ShiftPKG.TempConstraint,Line:24] - Temp constraint 15 created
[DEBUG] 27-05-2021 19:23:11 [class: Business.Employees.ShiftPKG.TempConstraint,Line:24] - Temp constraint 16 created
[DEBUG] 27-05-2021 19:23:11 [class: Business.Employees.ShiftPKG.TempConstraint,Line:24] - Temp constraint 17 created
[DEBUG] 27-05-2021 19:23:11 [class: Business.Employees.ShiftPKG.TempConstraint,Line:24] - Temp constraint 18 created
[DEBUG] 27-05-2021 19:23:11 [class: Business.Employees.ShiftPKG.TempConstraint,Line:24] - Temp constraint 19 created
[DEBUG] 27-05-2021 19:23:11 [class: Business.Employees.ShiftPKG.TempConstraint,Line:24] - Temp constraint 20 created
[DEBUG] 27-05-2021 19:23:11 [class: Business.Employees.ShiftPKG.TempConstraint,Line:24] - Temp constraint 21 created
[DEBUG] 27-05-2021 19:23:11 [class: Business.Employees.ShiftPKG.TempConstraint,Line:24] - Temp constraint 22 created
[DEBUG] 27-05-2021 19:23:11 [class: Business.Employees.ShiftPKG.TempConstraint,Line:24] - Temp constraint 23 created
[DEBUG] 27-05-2021 19:23:11 [class: Business.Employees.ShiftPKG.TempConstraint,Line:24] - Temp constraint 24 created
[DEBUG] 27-05-2021 19:23:11 [class: Business.Employees.ShiftPKG.TempConstraint,Line:24] - Temp constraint 25 created
[DEBUG] 27-05-2021 19:23:11 [class: Business.Employees.ShiftPKG.TempConstraint,Line:24] - Temp constraint 26 created
[DEBUG] 27-05-2021 19:23:11 [class: Business.Employees.ShiftPKG.TempConstraint,Line:24] - Temp constraint 27 created
[DEBUG] 27-05-2021 19:23:11 [class: Business.Employees.ShiftPKG.TempConstraint,Line:24] - Temp constraint 28 created
[DEBUG] 27-05-2021 19:23:11 [class: Business.Employees.ShiftPKG.ShiftController,Line:287] - EID: 12 remove from optionals
[DEBUG] 27-05-2021 19:23:11 [class: Business.Employees.ShiftPKG.ShiftController,Line:287] - EID: 7 remove from optionals
[DEBUG] 27-05-2021 19:23:11 [class: Business.Employees.ShiftPKG.ShiftController,Line:287] - EID: 12 remove from optionals
[DEBUG] 27-05-2021 19:23:11 [class: Business.Employees.ShiftPKG.ShiftController,Line:287] - EID: 11 remove from optionals
[DEBUG] 27-05-2021 19:23:11 [class: Business.Employees.ShiftPKG.ShiftController,Line:287] - EID: 6 remove from optionals
[DEBUG] 27-05-2021 19:23:11 [class: Business.Employees.ShiftPKG.ShiftController,Line:287] - EID: 11 remove from optionals
[DEBUG] 27-05-2021 19:23:11 [class: Business.Employees.ShiftPKG.ShiftController,Line:287] - EID: 11 remove from optionals
[DEBUG] 27-05-2021 19:23:11 [class: Business.Employees.ShiftPKG.ShiftController,Line:287] - EID: 12 remove from optionals
[DEBUG] 27-05-2021 19:23:11 [class: Business.Employees.ShiftPKG.ShiftController,Line:287] - EID: 7 remove from optionals
[DEBUG] 27-05-2021 19:23:11 [class: Business.Employees.ShiftPKG.ShiftController,Line:287] - EID: 12 remove from optionals
[DEBUG] 27-05-2021 19:23:11 [class: Business.Employees.ShiftPKG.ShiftController,Line:287] - EID: 7 remove from optionals
[DEBUG] 27-05-2021 19:23:11 [class: Business.Employees.ShiftPKG.ShiftController,Line:287] - EID: 12 remove from optionals
[DEBUG] 27-05-2021 19:23:11 [class: Business.Employees.ShiftPKG.ShiftController,Line:287] - EID: 11 remove from optionals
[DEBUG] 27-05-2021 19:23:11 [class: Business.Employees.ShiftPKG.ShiftController,Line:287] - EID: 11 remove from optionals
[DEBUG] 27-05-2021 19:23:11 [class: Business.Employees.ShiftPKG.ShiftController,Line:287] - EID: 11 remove from optionals
[DEBUG] 27-05-2021 19:23:11 [class: Business.Employees.ShiftPKG.ShiftController,Line:287] - EID: 12 remove from optionals
[DEBUG] 27-05-2021 19:23:11 [class: Business.Employees.ShiftPKG.ShiftController,Line:287] - EID: 7 remove from optionals
[DEBUG] 27-05-2021 19:23:11 [class: Business.Employees.ShiftPKG.ShiftController,Line:287] - EID: 12 remove from optionals
[DEBUG] 27-05-2021 19:23:11 [class: Business.Employees.ShiftPKG.ShiftController,Line:287] - EID: 7 remove from optionals
[DEBUG] 27-05-2021 19:23:11 [class: Business.Employees.ShiftPKG.ShiftController,Line:287] - EID: 12 remove from optionals
[DEBUG] 27-05-2021 19:23:11 [class: Business.Employees.ShiftPKG.ShiftController,Line:287] - EID: 11 remove from optionals
[DEBUG] 27-05-2021 19:23:11 [class: Business.Employees.ShiftPKG.ShiftController,Line:287] - EID: 11 remove from optionals
[DEBUG] 27-05-2021 19:23:11 [class: Business.Employees.ShiftPKG.ShiftController,Line:287] - EID: 11 remove from optionals
[DEBUG] 27-05-2021 19:23:11 [class: Business.Employees.ShiftPKG.ShiftController,Line:287] - EID: 12 remove from optionals
[DEBUG] 27-05-2021 19:23:11 [class: Business.Employees.ShiftPKG.ShiftController,Line:287] - EID: 7 remove from optionals
[DEBUG] 27-05-2021 19:23:11 [class: Business.Employees.ShiftPKG.ShiftController,Line:287] - EID: 12 remove from optionals
[DEBUG] 27-05-2021 19:23:11 [class: Business.Employees.ShiftPKG.ShiftController,Line:287] - EID: 7 remove from optionals
[DEBUG] 27-05-2021 19:23:11 [class: Business.Employees.ShiftPKG.ShiftController,Line:287] - EID: 12 remove from optionals
[DEBUG] 27-05-2021 19:23:11 [class: Business.Employees.ShiftPKG.ShiftController,Line:287] - EID: 11 remove from optionals
[DEBUG] 27-05-2021 19:23:11 [class: Business.Employees.ShiftPKG.ShiftController,Line:287] - EID: 11 remove from optionals
[DEBUG] 27-05-2021 19:23:11 [class: Business.Employees.ShiftPKG.ShiftController,Line:287] - EID: 11 remove from optionals
[DEBUG] 27-05-2021 19:23:11 [class: Business.Employees.ShiftPKG.ShiftController,Line:287] - EID: 12 remove from optionals
[DEBUG] 27-05-2021 19:23:11 [class: Business.Employees.ShiftPKG.ShiftController,Line:287] - EID: 7 remove from optionals
[DEBUG] 27-05-2021 19:23:11 [class: Business.Employees.ShiftPKG.ShiftController,Line:287] - EID: 12 remove from optionals
[DEBUG] 27-05-2021 19:23:11 [class: Business.Employees.ShiftPKG.ShiftController,Line:287] - EID: 7 remove from optionals
[DEBUG] 27-05-2021 19:23:11 [class: Business.Employees.ShiftPKG.ShiftController,Line:287] - EID: 12 remove from optionals
[DEBUG] 27-05-2021 19:23:11 [class: Business.Employees.ShiftPKG.ShiftController,Line:287] - EID: 11 remove from optionals
[DEBUG] 27-05-2021 19:23:11 [class: Business.Employees.ShiftPKG.ShiftController,Line:287] - EID: 11 remove from optionals
[DEBUG] 27-05-2021 19:23:11 [class: Business.Employees.ShiftPKG.ShiftController,Line:287] - EID: 11 remove from optionals
[DEBUG] 27-05-2021 19:23:11 [class: Business.Employees.ShiftPKG.ShiftController,Line:287] - EID: 12 remove from optionals
[DEBUG] 27-05-2021 19:23:11 [class: Business.Employees.ShiftPKG.ShiftController,Line:287] - EID: 7 remove from optionals
[DEBUG] 27-05-2021 19:23:11 [class: Business.Employees.ShiftPKG.ShiftController,Line:287] - EID: 11 remove from optionals
[DEBUG] 27-05-2021 19:23:11 [class: Business.ApplicationFacade.Utils,Line:84] - converting shift of business layer to out objects list
[DEBUG] 27-05-2021 19:23:11 [class: Business.ApplicationFacade.Utils,Line:101] - Done.
[DEBUG] 27-05-2021 19:25:39 [class: Business.ApplicationFacade.ManagerRoleController,Line:418] - loading data of branch id: 1
[DEBUG] 27-05-2021 19:25:50 [class: Business.ApplicationFacade.ManagerRoleController,Line:418] - loading data of branch id: 1
[DEBUG] 27-05-2021 19:25:50 [class: Business.Employees.ShiftPKG.Shift,Line:153] - EID: 100 remove from optionals
[DEBUG] 27-05-2021 19:25:50 [class: Business.Employees.ShiftPKG.Shift,Line:106] - EID: 100added to SID: 2
[DEBUG] 27-05-2021 19:25:50 [class: Business.Employees.ShiftPKG.Shift,Line:153] - EID: 9 remove from optionals
[DEBUG] 27-05-2021 19:25:50 [class: Business.Employees.ShiftPKG.Shift,Line:106] - EID: 9added to SID: 2
[DEBUG] 27-05-2021 19:26:12 [class: Business.ApplicationFacade.RegularRoleController,Line:168] - loading data of branch id: 1
[DEBUG] 27-05-2021 19:26:13 [class: Business.ApplicationFacade.RegularRoleController,Line:46] - entered login function with user id: 1
[DEBUG] 27-05-2021 19:26:13 [class: Business.ApplicationFacade.RegularRoleController,Line:48] - successfully logged in - user fields are updated to +1
[DEBUG] 27-05-2021 19:26:19 [class: Business.ApplicationFacade.ManagerRoleController,Line:286] - entered get shifts and employees function
[DEBUG] 27-05-2021 19:26:19 [class: Business.ApplicationFacade.Utils,Line:84] - converting shift of business layer to out objects list
[DEBUG] 27-05-2021 19:26:19 [class: Business.ApplicationFacade.Utils,Line:101] - Done.
[DEBUG] 29-05-2021 11:39:28 [class: Business.Employees.ShiftPKG.ShiftController,Line:25] - finished constructor shiftController
[DEBUG] 29-05-2021 11:39:31 [class: Business.ApplicationFacade.RegularRoleController,Line:202] - enter create branch function
[DEBUG] 29-05-2021 11:39:31 [class: Business.ApplicationFacade.RegularRoleController,Line:203] - creating instance of the personnel manager in this new branch
[DEBUG] 29-05-2021 11:39:31 [class: Business.ApplicationFacade.RegularRoleController,Line:208] - successfully created branch
[DEBUG] 29-05-2021 11:39:31 [class: Business.ApplicationFacade.RegularRoleController,Line:202] - enter create branch function
[DEBUG] 29-05-2021 11:39:31 [class: Business.ApplicationFacade.RegularRoleController,Line:203] - creating instance of the personnel manager in this new branch
[DEBUG] 29-05-2021 11:39:31 [class: Business.ApplicationFacade.RegularRoleController,Line:208] - successfully created branch
[DEBUG] 29-05-2021 11:39:31 [class: Business.ApplicationFacade.RegularRoleController,Line:202] - enter create branch function
[DEBUG] 29-05-2021 11:39:31 [class: Business.ApplicationFacade.RegularRoleController,Line:203] - creating instance of the personnel manager in this new branch
[DEBUG] 29-05-2021 11:39:31 [class: Business.ApplicationFacade.RegularRoleController,Line:208] - successfully created branch
[DEBUG] 29-05-2021 11:39:31 [class: Business.ApplicationFacade.RegularRoleController,Line:168] - loading data of branch id: 1
[DEBUG] 29-05-2021 11:39:31 [class: Business.ApplicationFacade.RegularRoleController,Line:46] - entered login function with user id: 1
[DEBUG] 29-05-2021 11:39:31 [class: Business.ApplicationFacade.RegularRoleController,Line:48] - successfully logged in - user fields are updated to +1
[DEBUG] 29-05-2021 11:39:31 [class: Business.ApplicationFacade.ManagerRoleController,Line:51] - enter add employee function
[DEBUG] 29-05-2021 11:39:31 [class: Business.Employees.ShiftPKG.Shift,Line:55] - shift: 1 created
[DEBUG] 29-05-2021 11:39:31 [class: Business.Employees.ShiftPKG.Shift,Line:55] - shift: 2 created
[DEBUG] 29-05-2021 11:39:31 [class: Business.Employees.ShiftPKG.Shift,Line:55] - shift: 3 created
[DEBUG] 29-05-2021 11:39:31 [class: Business.Employees.ShiftPKG.Shift,Line:55] - shift: 4 created
[DEBUG] 29-05-2021 11:39:31 [class: Business.Employees.ShiftPKG.Shift,Line:55] - shift: 5 created
[DEBUG] 29-05-2021 11:39:31 [class: Business.Employees.ShiftPKG.Shift,Line:55] - shift: 6 created
[DEBUG] 29-05-2021 11:39:31 [class: Business.Employees.ShiftPKG.Shift,Line:55] - shift: 7 created
[DEBUG] 29-05-2021 11:39:31 [class: Business.Employees.ShiftPKG.Shift,Line:55] - shift: 8 created
[DEBUG] 29-05-2021 11:39:31 [class: Business.Employees.ShiftPKG.Shift,Line:55] - shift: 9 created
[DEBUG] 29-05-2021 11:39:31 [class: Business.Employees.ShiftPKG.Shift,Line:55] - shift: 10 created
[DEBUG] 29-05-2021 11:39:31 [class: Business.Employees.ShiftPKG.Shift,Line:55] - shift: 11 created
[DEBUG] 29-05-2021 11:39:31 [class: Business.Employees.ShiftPKG.ConstConstraint,Line:27] - Const constraint 1 created
[DEBUG] 29-05-2021 11:39:31 [class: Business.Employees.ShiftPKG.TempConstraint,Line:24] - Temp constraint 2 created
[DEBUG] 29-05-2021 11:39:31 [class: Business.Employees.ShiftPKG.TempConstraint,Line:24] - Temp constraint 3 created
[DEBUG] 29-05-2021 11:39:31 [class: Business.Employees.ShiftPKG.TempConstraint,Line:24] - Temp constraint 4 created
[DEBUG] 29-05-2021 11:39:31 [class: Business.Employees.ShiftPKG.TempConstraint,Line:24] - Temp constraint 5 created
[DEBUG] 29-05-2021 11:39:31 [class: Business.Employees.ShiftPKG.TempConstraint,Line:24] - Temp constraint 6 created
[DEBUG] 29-05-2021 11:39:31 [class: Business.Employees.ShiftPKG.TempConstraint,Line:24] - Temp constraint 7 created
[DEBUG] 29-05-2021 11:39:31 [class: Business.Employees.ShiftPKG.TempConstraint,Line:24] - Temp constraint 8 created
[DEBUG] 29-05-2021 11:39:31 [class: Business.Employees.ShiftPKG.TempConstraint,Line:24] - Temp constraint 9 created
[DEBUG] 29-05-2021 11:39:31 [class: Business.Employees.ShiftPKG.TempConstraint,Line:24] - Temp constraint 10 created
[DEBUG] 29-05-2021 11:39:31 [class: Business.Employees.ShiftPKG.TempConstraint,Line:24] - Temp constraint 11 created
[DEBUG] 29-05-2021 11:39:31 [class: Business.Employees.ShiftPKG.TempConstraint,Line:24] - Temp constraint 12 created
[DEBUG] 29-05-2021 11:39:31 [class: Business.Employees.ShiftPKG.TempConstraint,Line:24] - Temp constraint 13 created
[DEBUG] 29-05-2021 11:39:31 [class: Business.Employees.ShiftPKG.TempConstraint,Line:24] - Temp constraint 14 created
[DEBUG] 29-05-2021 11:39:31 [class: Business.Employees.ShiftPKG.TempConstraint,Line:24] - Temp constraint 15 created
[DEBUG] 29-05-2021 11:39:31 [class: Business.Employees.ShiftPKG.TempConstraint,Line:24] - Temp constraint 16 created
[DEBUG] 29-05-2021 11:39:31 [class: Business.Employees.ShiftPKG.TempConstraint,Line:24] - Temp constraint 17 created
[DEBUG] 29-05-2021 11:39:31 [class: Business.Employees.ShiftPKG.TempConstraint,Line:24] - Temp constraint 18 created
[DEBUG] 29-05-2021 11:39:31 [class: Business.Employees.ShiftPKG.TempConstraint,Line:24] - Temp constraint 19 created
[DEBUG] 29-05-2021 11:39:31 [class: Business.Employees.ShiftPKG.TempConstraint,Line:24] - Temp constraint 20 created
[DEBUG] 29-05-2021 11:39:31 [class: Business.Employees.ShiftPKG.TempConstraint,Line:24] - Temp constraint 21 created
[DEBUG] 29-05-2021 11:39:31 [class: Business.Employees.ShiftPKG.TempConstraint,Line:24] - Temp constraint 22 created
[DEBUG] 29-05-2021 11:39:31 [class: Business.Employees.ShiftPKG.TempConstraint,Line:24] - Temp constraint 23 created
[DEBUG] 29-05-2021 11:39:31 [class: Business.Employees.ShiftPKG.TempConstraint,Line:24] - Temp constraint 24 created
[DEBUG] 29-05-2021 11:39:31 [class: Business.Employees.ShiftPKG.TempConstraint,Line:24] - Temp constraint 25 created
[DEBUG] 29-05-2021 11:39:31 [class: Business.Employees.ShiftPKG.TempConstraint,Line:24] - Temp constraint 26 created
[DEBUG] 29-05-2021 11:39:31 [class: Business.Employees.ShiftPKG.TempConstraint,Line:24] - Temp constraint 27 created
[DEBUG] 29-05-2021 11:39:31 [class: Business.Employees.ShiftPKG.TempConstraint,Line:24] - Temp constraint 28 created
[DEBUG] 29-05-2021 11:39:31 [class: Business.Employees.ShiftPKG.ShiftController,Line:287] - EID: 12 remove from optionals
[DEBUG] 29-05-2021 11:39:31 [class: Business.Employees.ShiftPKG.ShiftController,Line:287] - EID: 7 remove from optionals
[DEBUG] 29-05-2021 11:39:31 [class: Business.Employees.ShiftPKG.ShiftController,Line:287] - EID: 12 remove from optionals
[DEBUG] 29-05-2021 11:39:31 [class: Business.Employees.ShiftPKG.ShiftController,Line:287] - EID: 11 remove from optionals
[DEBUG] 29-05-2021 11:39:31 [class: Business.Employees.ShiftPKG.ShiftController,Line:287] - EID: 6 remove from optionals
[DEBUG] 29-05-2021 11:39:31 [class: Business.Employees.ShiftPKG.ShiftController,Line:287] - EID: 11 remove from optionals
[DEBUG] 29-05-2021 11:39:31 [class: Business.Employees.ShiftPKG.ShiftController,Line:287] - EID: 11 remove from optionals
[DEBUG] 29-05-2021 11:39:31 [class: Business.Employees.ShiftPKG.ShiftController,Line:287] - EID: 12 remove from optionals
[DEBUG] 29-05-2021 11:39:31 [class: Business.Employees.ShiftPKG.ShiftController,Line:287] - EID: 7 remove from optionals
[DEBUG] 29-05-2021 11:39:31 [class: Business.Employees.ShiftPKG.ShiftController,Line:287] - EID: 9 remove from optionals
[DEBUG] 29-05-2021 11:39:31 [class: Business.Employees.ShiftPKG.ShiftController,Line:287] - EID: 100 remove from optionals
[DEBUG] 29-05-2021 11:39:31 [class: Business.Employees.ShiftPKG.ShiftController,Line:287] - EID: 12 remove from optionals
[DEBUG] 29-05-2021 11:39:31 [class: Business.Employees.ShiftPKG.ShiftController,Line:287] - EID: 7 remove from optionals
[DEBUG] 29-05-2021 11:39:31 [class: Business.Employees.ShiftPKG.ShiftController,Line:287] - EID: 12 remove from optionals
[DEBUG] 29-05-2021 11:39:31 [class: Business.Employees.ShiftPKG.ShiftController,Line:287] - EID: 11 remove from optionals
[DEBUG] 29-05-2021 11:39:31 [class: Business.Employees.ShiftPKG.ShiftController,Line:287] - EID: 11 remove from optionals
[DEBUG] 29-05-2021 11:39:31 [class: Business.Employees.ShiftPKG.ShiftController,Line:287] - EID: 11 remove from optionals
[DEBUG] 29-05-2021 11:39:31 [class: Business.Employees.ShiftPKG.ShiftController,Line:287] - EID: 12 remove from optionals
[DEBUG] 29-05-2021 11:39:31 [class: Business.Employees.ShiftPKG.ShiftController,Line:287] - EID: 7 remove from optionals
[DEBUG] 29-05-2021 11:39:31 [class: Business.Employees.ShiftPKG.ShiftController,Line:287] - EID: 12 remove from optionals
[DEBUG] 29-05-2021 11:39:31 [class: Business.Employees.ShiftPKG.ShiftController,Line:287] - EID: 7 remove from optionals
[DEBUG] 29-05-2021 11:39:31 [class: Business.Employees.ShiftPKG.ShiftController,Line:287] - EID: 12 remove from optionals
[DEBUG] 29-05-2021 11:39:31 [class: Business.Employees.ShiftPKG.ShiftController,Line:287] - EID: 11 remove from optionals
[DEBUG] 29-05-2021 11:39:31 [class: Business.Employees.ShiftPKG.ShiftController,Line:287] - EID: 11 remove from optionals
[DEBUG] 29-05-2021 11:39:31 [class: Business.Employees.ShiftPKG.ShiftController,Line:287] - EID: 11 remove from optionals
[DEBUG] 29-05-2021 11:39:31 [class: Business.Employees.ShiftPKG.ShiftController,Line:287] - EID: 12 remove from optionals
[DEBUG] 29-05-2021 11:39:31 [class: Business.Employees.ShiftPKG.ShiftController,Line:287] - EID: 7 remove from optionals
[DEBUG] 29-05-2021 11:39:31 [class: Business.Employees.ShiftPKG.ShiftController,Line:287] - EID: 12 remove from optionals
[DEBUG] 29-05-2021 11:39:31 [class: Business.Employees.ShiftPKG.ShiftController,Line:287] - EID: 7 remove from optionals
[DEBUG] 29-05-2021 11:39:31 [class: Business.Employees.ShiftPKG.ShiftController,Line:287] - EID: 12 remove from optionals
[DEBUG] 29-05-2021 11:39:31 [class: Business.Employees.ShiftPKG.ShiftController,Line:287] - EID: 11 remove from optionals
[DEBUG] 29-05-2021 11:39:31 [class: Business.Employees.ShiftPKG.ShiftController,Line:287] - EID: 11 remove from optionals
[DEBUG] 29-05-2021 11:39:31 [class: Business.Employees.ShiftPKG.ShiftController,Line:287] - EID: 11 remove from optionals
[DEBUG] 29-05-2021 11:39:31 [class: Business.Employees.ShiftPKG.ShiftController,Line:287] - EID: 12 remove from optionals
[DEBUG] 29-05-2021 11:39:31 [class: Business.Employees.ShiftPKG.ShiftController,Line:287] - EID: 7 remove from optionals
[DEBUG] 29-05-2021 11:39:31 [class: Business.Employees.ShiftPKG.ShiftController,Line:287] - EID: 12 remove from optionals
[DEBUG] 29-05-2021 11:39:31 [class: Business.Employees.ShiftPKG.ShiftController,Line:287] - EID: 7 remove from optionals
[DEBUG] 29-05-2021 11:39:31 [class: Business.Employees.ShiftPKG.ShiftController,Line:287] - EID: 12 remove from optionals
[DEBUG] 29-05-2021 11:39:31 [class: Business.Employees.ShiftPKG.ShiftController,Line:287] - EID: 11 remove from optionals
[DEBUG] 29-05-2021 11:39:31 [class: Business.Employees.ShiftPKG.ShiftController,Line:287] - EID: 11 remove from optionals
[DEBUG] 29-05-2021 11:39:31 [class: Business.Employees.ShiftPKG.ShiftController,Line:287] - EID: 11 remove from optionals
[DEBUG] 29-05-2021 11:39:31 [class: Business.Employees.ShiftPKG.ShiftController,Line:287] - EID: 12 remove from optionals
[DEBUG] 29-05-2021 11:39:31 [class: Business.Employees.ShiftPKG.ShiftController,Line:287] - EID: 7 remove from optionals
[DEBUG] 29-05-2021 11:39:31 [class: Business.Employees.ShiftPKG.ShiftController,Line:287] - EID: 11 remove from optionals
[DEBUG] 29-05-2021 11:39:31 [class: Business.ApplicationFacade.ManagerRoleController,Line:59] - successfully added new employee EID: 6 to system
[DEBUG] 29-05-2021 11:39:31 [class: Business.ApplicationFacade.ManagerRoleController,Line:51] - enter add employee function
[DEBUG] 29-05-2021 11:39:31 [class: Business.ApplicationFacade.ManagerRoleController,Line:59] - successfully added new employee EID: 7 to system
[DEBUG] 29-05-2021 11:39:31 [class: Business.ApplicationFacade.ManagerRoleController,Line:51] - enter add employee function
[DEBUG] 29-05-2021 11:39:31 [class: Business.ApplicationFacade.ManagerRoleController,Line:59] - successfully added new employee EID: 8 to system
[DEBUG] 29-05-2021 11:39:31 [class: Business.ApplicationFacade.ManagerRoleController,Line:51] - enter add employee function
[DEBUG] 29-05-2021 11:39:31 [class: Business.ApplicationFacade.ManagerRoleController,Line:59] - successfully added new employee EID: 9 to system
[DEBUG] 29-05-2021 11:39:31 [class: Business.ApplicationFacade.ManagerRoleController,Line:51] - enter add employee function
[DEBUG] 29-05-2021 11:39:31 [class: Business.ApplicationFacade.ManagerRoleController,Line:59] - successfully added new employee EID: 10 to system
[DEBUG] 29-05-2021 11:39:31 [class: Business.ApplicationFacade.ManagerRoleController,Line:51] - enter add employee function
[DEBUG] 29-05-2021 11:39:31 [class: Business.ApplicationFacade.ManagerRoleController,Line:59] - successfully added new employee EID: 11 to system
[DEBUG] 29-05-2021 11:39:31 [class: Business.ApplicationFacade.ManagerRoleController,Line:51] - enter add employee function
[DEBUG] 29-05-2021 11:39:31 [class: Business.ApplicationFacade.ManagerRoleController,Line:59] - successfully added new employee EID: 12 to system
[DEBUG] 29-05-2021 11:39:31 [class: Business.ApplicationFacade.ManagerRoleController,Line:237] - entered default shifts function
[DEBUG] 29-05-2021 11:39:31 [class: Business.ApplicationFacade.ManagerRoleController,Line:239] - parsing strings to enum types of map
[DEBUG] 29-05-2021 11:39:31 [class: Business.Employees.ShiftPKG.ShiftController,Line:53] - default shifts defined
[DEBUG] 29-05-2021 11:39:31 [class: Business.ApplicationFacade.RegularRoleController,Line:57] - enter logout function when current connected id is: 1
[DEBUG] 29-05-2021 11:39:31 [class: Business.ApplicationFacade.RegularRoleController,Line:59] - successfully logged out - user fields are updated to -1 and null role
[DEBUG] 29-05-2021 11:39:31 [class: Business.ApplicationFacade.RegularRoleController,Line:168] - loading data of branch id: 2
[DEBUG] 29-05-2021 11:39:31 [class: Business.ApplicationFacade.RegularRoleController,Line:46] - entered login function with user id: 2
[DEBUG] 29-05-2021 11:39:31 [class: Business.ApplicationFacade.RegularRoleController,Line:48] - successfully logged in - user fields are updated to +2
[DEBUG] 29-05-2021 11:39:31 [class: Business.ApplicationFacade.ManagerRoleController,Line:51] - enter add employee function
[DEBUG] 29-05-2021 11:39:31 [class: Business.ApplicationFacade.ManagerRoleController,Line:59] - successfully added new employee EID: 13 to system
[DEBUG] 29-05-2021 11:39:31 [class: Business.ApplicationFacade.ManagerRoleController,Line:51] - enter add employee function
[DEBUG] 29-05-2021 11:39:31 [class: Business.ApplicationFacade.ManagerRoleController,Line:59] - successfully added new employee EID: 14 to system
[DEBUG] 29-05-2021 11:39:31 [class: Business.ApplicationFacade.ManagerRoleController,Line:51] - enter add employee function
[DEBUG] 29-05-2021 11:39:31 [class: Business.ApplicationFacade.ManagerRoleController,Line:59] - successfully added new employee EID: 15 to system
[DEBUG] 29-05-2021 11:39:31 [class: Business.ApplicationFacade.ManagerRoleController,Line:51] - enter add employee function
[DEBUG] 29-05-2021 11:39:31 [class: Business.ApplicationFacade.ManagerRoleController,Line:59] - successfully added new employee EID: 16 to system
[DEBUG] 29-05-2021 11:39:31 [class: Business.ApplicationFacade.ManagerRoleController,Line:51] - enter add employee function
[DEBUG] 29-05-2021 11:39:31 [class: Business.ApplicationFacade.ManagerRoleController,Line:59] - successfully added new employee EID: 17 to system
[DEBUG] 29-05-2021 11:39:31 [class: Business.ApplicationFacade.ManagerRoleController,Line:51] - enter add employee function
[DEBUG] 29-05-2021 11:39:31 [class: Business.ApplicationFacade.ManagerRoleController,Line:59] - successfully added new employee EID: 18 to system
[DEBUG] 29-05-2021 11:39:31 [class: Business.ApplicationFacade.ManagerRoleController,Line:51] - enter add employee function
[DEBUG] 29-05-2021 11:39:31 [class: Business.ApplicationFacade.ManagerRoleController,Line:59] - successfully added new employee EID: 19 to system
[DEBUG] 29-05-2021 11:39:31 [class: Business.ApplicationFacade.ManagerRoleController,Line:237] - entered default shifts function
[DEBUG] 29-05-2021 11:39:31 [class: Business.ApplicationFacade.ManagerRoleController,Line:239] - parsing strings to enum types of map
[DEBUG] 29-05-2021 11:39:31 [class: Business.Employees.ShiftPKG.ShiftController,Line:53] - default shifts defined
[DEBUG] 29-05-2021 11:39:31 [class: Business.ApplicationFacade.RegularRoleController,Line:57] - enter logout function when current connected id is: 2
[DEBUG] 29-05-2021 11:39:31 [class: Business.ApplicationFacade.RegularRoleController,Line:59] - successfully logged out - user fields are updated to -1 and null role
[DEBUG] 29-05-2021 11:39:31 [class: Business.ApplicationFacade.RegularRoleController,Line:168] - loading data of branch id: 3
[DEBUG] 29-05-2021 11:39:31 [class: Business.ApplicationFacade.RegularRoleController,Line:46] - entered login function with user id: 3
[DEBUG] 29-05-2021 11:39:31 [class: Business.ApplicationFacade.RegularRoleController,Line:48] - successfully logged in - user fields are updated to +3
[DEBUG] 29-05-2021 11:39:31 [class: Business.ApplicationFacade.ManagerRoleController,Line:51] - enter add employee function
[DEBUG] 29-05-2021 11:39:31 [class: Business.ApplicationFacade.ManagerRoleController,Line:59] - successfully added new employee EID: 20 to system
[DEBUG] 29-05-2021 11:39:31 [class: Business.ApplicationFacade.ManagerRoleController,Line:51] - enter add employee function
[DEBUG] 29-05-2021 11:39:31 [class: Business.ApplicationFacade.ManagerRoleController,Line:59] - successfully added new employee EID: 21 to system
[DEBUG] 29-05-2021 11:39:31 [class: Business.ApplicationFacade.ManagerRoleController,Line:51] - enter add employee function
[DEBUG] 29-05-2021 11:39:31 [class: Business.ApplicationFacade.ManagerRoleController,Line:59] - successfully added new employee EID: 22 to system
[DEBUG] 29-05-2021 11:39:31 [class: Business.ApplicationFacade.ManagerRoleController,Line:51] - enter add employee function
[DEBUG] 29-05-2021 11:39:31 [class: Business.ApplicationFacade.ManagerRoleController,Line:59] - successfully added new employee EID: 23 to system
[DEBUG] 29-05-2021 11:39:31 [class: Business.ApplicationFacade.ManagerRoleController,Line:51] - enter add employee function
[DEBUG] 29-05-2021 11:39:31 [class: Business.ApplicationFacade.ManagerRoleController,Line:59] - successfully added new employee EID: 24 to system
[DEBUG] 29-05-2021 11:39:31 [class: Business.ApplicationFacade.ManagerRoleController,Line:51] - enter add employee function
[DEBUG] 29-05-2021 11:39:31 [class: Business.ApplicationFacade.ManagerRoleController,Line:59] - successfully added new employee EID: 25 to system
[DEBUG] 29-05-2021 11:39:31 [class: Business.ApplicationFacade.ManagerRoleController,Line:51] - enter add employee function
[DEBUG] 29-05-2021 11:39:31 [class: Business.ApplicationFacade.ManagerRoleController,Line:59] - successfully added new employee EID: 26 to system
[DEBUG] 29-05-2021 11:39:31 [class: Business.ApplicationFacade.ManagerRoleController,Line:237] - entered default shifts function
[DEBUG] 29-05-2021 11:39:31 [class: Business.ApplicationFacade.ManagerRoleController,Line:239] - parsing strings to enum types of map
[DEBUG] 29-05-2021 11:39:31 [class: Business.Employees.ShiftPKG.ShiftController,Line:53] - default shifts defined
[DEBUG] 29-05-2021 11:39:31 [class: Business.ApplicationFacade.RegularRoleController,Line:57] - enter logout function when current connected id is: 3
[DEBUG] 29-05-2021 11:39:31 [class: Business.ApplicationFacade.RegularRoleController,Line:59] - successfully logged out - user fields are updated to -1 and null role
[DEBUG] 29-05-2021 11:39:31 [class: Business.ApplicationFacade.RegularRoleController,Line:168] - loading data of branch id: 1
[DEBUG] 29-05-2021 11:39:31 [class: Business.ApplicationFacade.RegularRoleController,Line:46] - entered login function with user id: 6
[DEBUG] 29-05-2021 11:39:31 [class: Business.ApplicationFacade.RegularRoleController,Line:48] - successfully logged in - user fields are updated to +6
[DEBUG] 29-05-2021 11:39:31 [class: Business.ApplicationFacade.RegularRoleController,Line:71] - enter add const constraint function
[DEBUG] 29-05-2021 11:39:31 [class: Business.Employees.ShiftPKG.ConstConstraint,Line:20] - Const constraint 29 created
[DEBUG] 29-05-2021 11:39:31 [class: Business.Employees.ShiftPKG.ShiftController,Line:35] - added new const constraint for EID: 6, Day: SUNDAY , ShiftType: Night
[DEBUG] 29-05-2021 11:39:31 [class: Business.ApplicationFacade.RegularRoleController,Line:73] - successfully added const constraint
[DEBUG] 29-05-2021 11:39:31 [class: Business.ApplicationFacade.RegularRoleController,Line:57] - enter logout function when current connected id is: 6
[DEBUG] 29-05-2021 11:39:31 [class: Business.ApplicationFacade.RegularRoleController,Line:59] - successfully logged out - user fields are updated to -1 and null role
[DEBUG] 29-05-2021 11:39:31 [class: Business.ApplicationFacade.RegularRoleController,Line:46] - entered login function with user id: 1
[DEBUG] 29-05-2021 11:39:31 [class: Business.ApplicationFacade.RegularRoleController,Line:48] - successfully logged in - user fields are updated to +1
[DEBUG] 29-05-2021 11:39:31 [class: Business.ApplicationFacade.RegularRoleController,Line:168] - loading data of branch id: 1
[DEBUG] 29-05-2021 11:39:31 [class: Business.ApplicationFacade.ManagerRoleController,Line:258] - entered create week shift function
[DEBUG] 29-05-2021 11:39:31 [class: Business.Employees.ShiftPKG.Shift,Line:55] - shift: 2 created
[DEBUG] 29-05-2021 11:39:31 [class: Business.Employees.ShiftPKG.ShiftController,Line:287] - EID: 6 remove from optionals
[DEBUG] 29-05-2021 11:39:31 [class: Business.Employees.ShiftPKG.ShiftController,Line:287] - EID: 11 remove from optionals
[DEBUG] 29-05-2021 11:39:31 [class: Business.Employees.ShiftPKG.ShiftController,Line:287] - EID: 11 remove from optionals
[DEBUG] 29-05-2021 11:39:31 [class: Business.Employees.ShiftPKG.ShiftController,Line:287] - EID: 6 remove from optionals
[DEBUG] 29-05-2021 11:39:31 [class: Business.Employees.ShiftPKG.ShiftController,Line:287] - EID: 9 remove from optionals
[DEBUG] 29-05-2021 11:39:31 [class: Business.Employees.ShiftPKG.ShiftController,Line:287] - EID: 7 remove from optionals
[DEBUG] 29-05-2021 11:39:31 [class: Business.Employees.ShiftPKG.ShiftController,Line:287] - EID: 100 remove from optionals
[DEBUG] 29-05-2021 11:39:31 [class: Business.Employees.ShiftPKG.ShiftController,Line:287] - EID: 12 remove from optionals
[DEBUG] 29-05-2021 11:39:31 [class: Business.Employees.ShiftPKG.Shift,Line:55] - shift: 1 created
[DEBUG] 29-05-2021 11:39:31 [class: Business.Employees.ShiftPKG.ShiftController,Line:287] - EID: 12 remove from optionals
[DEBUG] 29-05-2021 11:39:31 [class: Business.Employees.ShiftPKG.ShiftController,Line:287] - EID: 7 remove from optionals
[DEBUG] 29-05-2021 11:39:31 [class: Business.Employees.ShiftPKG.ShiftController,Line:287] - EID: 12 remove from optionals
[DEBUG] 29-05-2021 11:39:31 [class: Business.Employees.ShiftPKG.ShiftController,Line:287] - EID: 11 remove from optionals
[DEBUG] 29-05-2021 11:39:31 [class: Business.Employees.ShiftPKG.Shift,Line:55] - shift: 4 created
[DEBUG] 29-05-2021 11:39:31 [class: Business.Employees.ShiftPKG.ShiftController,Line:287] - EID: 11 remove from optionals
[DEBUG] 29-05-2021 11:39:31 [class: Business.Employees.ShiftPKG.ShiftController,Line:287] - EID: 11 remove from optionals
[DEBUG] 29-05-2021 11:39:31 [class: Business.Employees.ShiftPKG.ShiftController,Line:287] - EID: 7 remove from optionals
[DEBUG] 29-05-2021 11:39:31 [class: Business.Employees.ShiftPKG.ShiftController,Line:287] - EID: 12 remove from optionals
[DEBUG] 29-05-2021 11:39:31 [class: Business.Employees.ShiftPKG.Shift,Line:55] - shift: 3 created
[DEBUG] 29-05-2021 11:39:31 [class: Business.Employees.ShiftPKG.ShiftController,Line:287] - EID: 12 remove from optionals
[DEBUG] 29-05-2021 11:39:31 [class: Business.Employees.ShiftPKG.ShiftController,Line:287] - EID: 7 remove from optionals
[DEBUG] 29-05-2021 11:39:31 [class: Business.Employees.ShiftPKG.ShiftController,Line:287] - EID: 12 remove from optionals
[DEBUG] 29-05-2021 11:39:31 [class: Business.Employees.ShiftPKG.ShiftController,Line:287] - EID: 11 remove from optionals
[DEBUG] 29-05-2021 11:39:31 [class: Business.Employees.ShiftPKG.Shift,Line:55] - shift: 6 created
[DEBUG] 29-05-2021 11:39:31 [class: Business.Employees.ShiftPKG.ShiftController,Line:287] - EID: 11 remove from optionals
[DEBUG] 29-05-2021 11:39:31 [class: Business.Employees.ShiftPKG.ShiftController,Line:287] - EID: 11 remove from optionals
[DEBUG] 29-05-2021 11:39:31 [class: Business.Employees.ShiftPKG.ShiftController,Line:287] - EID: 7 remove from optionals
[DEBUG] 29-05-2021 11:39:31 [class: Business.Employees.ShiftPKG.ShiftController,Line:287] - EID: 12 remove from optionals
[DEBUG] 29-05-2021 11:39:31 [class: Business.Employees.ShiftPKG.Shift,Line:55] - shift: 5 created
[DEBUG] 29-05-2021 11:39:31 [class: Business.Employees.ShiftPKG.ShiftController,Line:287] - EID: 12 remove from optionals
[DEBUG] 29-05-2021 11:39:31 [class: Business.Employees.ShiftPKG.ShiftController,Line:287] - EID: 7 remove from optionals
[DEBUG] 29-05-2021 11:39:31 [class: Business.Employees.ShiftPKG.ShiftController,Line:287] - EID: 12 remove from optionals
[DEBUG] 29-05-2021 11:39:31 [class: Business.Employees.ShiftPKG.ShiftController,Line:287] - EID: 11 remove from optionals
[DEBUG] 29-05-2021 11:39:31 [class: Business.Employees.ShiftPKG.Shift,Line:55] - shift: 8 created
[DEBUG] 29-05-2021 11:39:31 [class: Business.Employees.ShiftPKG.ShiftController,Line:287] - EID: 11 remove from optionals
[DEBUG] 29-05-2021 11:39:31 [class: Business.Employees.ShiftPKG.ShiftController,Line:287] - EID: 11 remove from optionals
[DEBUG] 29-05-2021 11:39:31 [class: Business.Employees.ShiftPKG.ShiftController,Line:287] - EID: 7 remove from optionals
[DEBUG] 29-05-2021 11:39:31 [class: Business.Employees.ShiftPKG.ShiftController,Line:287] - EID: 12 remove from optionals
[DEBUG] 29-05-2021 11:39:31 [class: Business.Employees.ShiftPKG.Shift,Line:55] - shift: 7 created
[DEBUG] 29-05-2021 11:39:31 [class: Business.Employees.ShiftPKG.ShiftController,Line:287] - EID: 12 remove from optionals
[DEBUG] 29-05-2021 11:39:31 [class: Business.Employees.ShiftPKG.ShiftController,Line:287] - EID: 7 remove from optionals
[DEBUG] 29-05-2021 11:39:31 [class: Business.Employees.ShiftPKG.ShiftController,Line:287] - EID: 12 remove from optionals
[DEBUG] 29-05-2021 11:39:31 [class: Business.Employees.ShiftPKG.ShiftController,Line:287] - EID: 11 remove from optionals
[DEBUG] 29-05-2021 11:39:31 [class: Business.Employees.ShiftPKG.Shift,Line:55] - shift: 10 created
[DEBUG] 29-05-2021 11:39:31 [class: Business.Employees.ShiftPKG.ShiftController,Line:287] - EID: 11 remove from optionals
[DEBUG] 29-05-2021 11:39:31 [class: Business.Employees.ShiftPKG.ShiftController,Line:287] - EID: 11 remove from optionals
[DEBUG] 29-05-2021 11:39:31 [class: Business.Employees.ShiftPKG.ShiftController,Line:287] - EID: 7 remove from optionals
[DEBUG] 29-05-2021 11:39:31 [class: Business.Employees.ShiftPKG.ShiftController,Line:287] - EID: 12 remove from optionals
[DEBUG] 29-05-2021 11:39:31 [class: Business.Employees.ShiftPKG.Shift,Line:55] - shift: 9 created
[DEBUG] 29-05-2021 11:39:31 [class: Business.Employees.ShiftPKG.ShiftController,Line:287] - EID: 12 remove from optionals
[DEBUG] 29-05-2021 11:39:31 [class: Business.Employees.ShiftPKG.ShiftController,Line:287] - EID: 7 remove from optionals
[DEBUG] 29-05-2021 11:39:31 [class: Business.Employees.ShiftPKG.ShiftController,Line:287] - EID: 12 remove from optionals
[DEBUG] 29-05-2021 11:39:31 [class: Business.Employees.ShiftPKG.ShiftController,Line:287] - EID: 11 remove from optionals
[DEBUG] 29-05-2021 11:39:31 [class: Business.Employees.ShiftPKG.Shift,Line:41] - shift: 12 created
[DEBUG] 29-05-2021 11:39:31 [class: Business.Employees.ShiftPKG.TempConstraint,Line:17] - Temp constraint 30 created
[DEBUG] 29-05-2021 11:39:31 [class: Business.ApplicationFacade.Utils,Line:84] - converting shift of business layer to out objects list
[DEBUG] 29-05-2021 11:39:31 [class: Business.ApplicationFacade.Utils,Line:101] - Done.
[DEBUG] 29-05-2021 11:39:31 [class: Business.ApplicationFacade.RegularRoleController,Line:57] - enter logout function when current connected id is: 1
[DEBUG] 29-05-2021 11:39:31 [class: Business.ApplicationFacade.RegularRoleController,Line:59] - successfully logged out - user fields are updated to -1 and null role
[DEBUG] 29-05-2021 11:39:31 [class: Business.ApplicationFacade.ManagerRoleController,Line:51] - enter add employee function
[DEBUG] 29-05-2021 11:39:31 [class: Business.Employees.ShiftPKG.Shift,Line:55] - shift: 11 created
[DEBUG] 29-05-2021 11:39:31 [class: Business.Employees.ShiftPKG.ShiftController,Line:287] - EID: 11 remove from optionals
[DEBUG] 29-05-2021 11:39:31 [class: Business.ApplicationFacade.ManagerRoleController,Line:51] - enter add employee function
[DEBUG] 29-05-2021 11:39:44 [class: Business.Employees.ShiftPKG.ShiftController,Line:25] - finished constructor shiftController
[DEBUG] 29-05-2021 11:40:01 [class: Business.Employees.ShiftPKG.ShiftController,Line:25] - finished constructor shiftController
[DEBUG] 29-05-2021 11:40:03 [class: Business.ApplicationFacade.RegularRoleController,Line:202] - enter create branch function
[DEBUG] 29-05-2021 11:40:03 [class: Business.ApplicationFacade.RegularRoleController,Line:203] - creating instance of the personnel manager in this new branch
[DEBUG] 29-05-2021 11:40:03 [class: Business.ApplicationFacade.RegularRoleController,Line:208] - successfully created branch
[DEBUG] 29-05-2021 11:40:03 [class: Business.ApplicationFacade.RegularRoleController,Line:202] - enter create branch function
[DEBUG] 29-05-2021 11:40:03 [class: Business.ApplicationFacade.RegularRoleController,Line:203] - creating instance of the personnel manager in this new branch
[DEBUG] 29-05-2021 11:40:03 [class: Business.ApplicationFacade.RegularRoleController,Line:208] - successfully created branch
[DEBUG] 29-05-2021 11:40:03 [class: Business.ApplicationFacade.RegularRoleController,Line:202] - enter create branch function
[DEBUG] 29-05-2021 11:40:03 [class: Business.ApplicationFacade.RegularRoleController,Line:203] - creating instance of the personnel manager in this new branch
[DEBUG] 29-05-2021 11:40:03 [class: Business.ApplicationFacade.RegularRoleController,Line:208] - successfully created branch
[DEBUG] 29-05-2021 11:40:03 [class: Business.ApplicationFacade.RegularRoleController,Line:168] - loading data of branch id: 1
[DEBUG] 29-05-2021 11:40:03 [class: Business.ApplicationFacade.RegularRoleController,Line:46] - entered login function with user id: 1
[DEBUG] 29-05-2021 11:40:03 [class: Business.ApplicationFacade.RegularRoleController,Line:48] - successfully logged in - user fields are updated to +1
[DEBUG] 29-05-2021 11:40:03 [class: Business.ApplicationFacade.ManagerRoleController,Line:51] - enter add employee function
[DEBUG] 29-05-2021 11:40:03 [class: Business.ApplicationFacade.ManagerRoleController,Line:59] - successfully added new employee EID: 6 to system
[DEBUG] 29-05-2021 11:40:03 [class: Business.ApplicationFacade.ManagerRoleController,Line:51] - enter add employee function
[DEBUG] 29-05-2021 11:40:03 [class: Business.ApplicationFacade.ManagerRoleController,Line:59] - successfully added new employee EID: 7 to system
[DEBUG] 29-05-2021 11:40:03 [class: Business.ApplicationFacade.ManagerRoleController,Line:51] - enter add employee function
[DEBUG] 29-05-2021 11:40:03 [class: Business.ApplicationFacade.ManagerRoleController,Line:59] - successfully added new employee EID: 8 to system
[DEBUG] 29-05-2021 11:40:03 [class: Business.ApplicationFacade.ManagerRoleController,Line:51] - enter add employee function
[DEBUG] 29-05-2021 11:40:03 [class: Business.ApplicationFacade.ManagerRoleController,Line:59] - successfully added new employee EID: 9 to system
[DEBUG] 29-05-2021 11:40:03 [class: Business.ApplicationFacade.ManagerRoleController,Line:51] - enter add employee function
[DEBUG] 29-05-2021 11:40:03 [class: Business.ApplicationFacade.ManagerRoleController,Line:59] - successfully added new employee EID: 10 to system
[DEBUG] 29-05-2021 11:40:03 [class: Business.ApplicationFacade.ManagerRoleController,Line:51] - enter add employee function
[DEBUG] 29-05-2021 11:40:03 [class: Business.ApplicationFacade.ManagerRoleController,Line:59] - successfully added new employee EID: 11 to system
[DEBUG] 29-05-2021 11:40:03 [class: Business.ApplicationFacade.ManagerRoleController,Line:51] - enter add employee function
[DEBUG] 29-05-2021 11:40:03 [class: Business.ApplicationFacade.ManagerRoleController,Line:59] - successfully added new employee EID: 12 to system
[DEBUG] 29-05-2021 11:40:03 [class: Business.ApplicationFacade.ManagerRoleController,Line:237] - entered default shifts function
[DEBUG] 29-05-2021 11:40:03 [class: Business.ApplicationFacade.ManagerRoleController,Line:239] - parsing strings to enum types of map
[DEBUG] 29-05-2021 11:40:03 [class: Business.Employees.ShiftPKG.ShiftController,Line:53] - default shifts defined
[DEBUG] 29-05-2021 11:40:03 [class: Business.ApplicationFacade.RegularRoleController,Line:57] - enter logout function when current connected id is: 1
[DEBUG] 29-05-2021 11:40:03 [class: Business.ApplicationFacade.RegularRoleController,Line:59] - successfully logged out - user fields are updated to -1 and null role
[DEBUG] 29-05-2021 11:40:03 [class: Business.ApplicationFacade.RegularRoleController,Line:168] - loading data of branch id: 2
[DEBUG] 29-05-2021 11:40:03 [class: Business.ApplicationFacade.RegularRoleController,Line:46] - entered login function with user id: 2
[DEBUG] 29-05-2021 11:40:03 [class: Business.ApplicationFacade.RegularRoleController,Line:48] - successfully logged in - user fields are updated to +2
[DEBUG] 29-05-2021 11:40:03 [class: Business.ApplicationFacade.ManagerRoleController,Line:51] - enter add employee function
[DEBUG] 29-05-2021 11:40:03 [class: Business.ApplicationFacade.ManagerRoleController,Line:59] - successfully added new employee EID: 13 to system
[DEBUG] 29-05-2021 11:40:03 [class: Business.ApplicationFacade.ManagerRoleController,Line:51] - enter add employee function
[DEBUG] 29-05-2021 11:40:03 [class: Business.ApplicationFacade.ManagerRoleController,Line:59] - successfully added new employee EID: 14 to system
[DEBUG] 29-05-2021 11:40:03 [class: Business.ApplicationFacade.ManagerRoleController,Line:51] - enter add employee function
[DEBUG] 29-05-2021 11:40:03 [class: Business.ApplicationFacade.ManagerRoleController,Line:59] - successfully added new employee EID: 15 to system
[DEBUG] 29-05-2021 11:40:03 [class: Business.ApplicationFacade.ManagerRoleController,Line:51] - enter add employee function
[DEBUG] 29-05-2021 11:40:04 [class: Business.ApplicationFacade.ManagerRoleController,Line:59] - successfully added new employee EID: 16 to system
[DEBUG] 29-05-2021 11:40:04 [class: Business.ApplicationFacade.ManagerRoleController,Line:51] - enter add employee function
[DEBUG] 29-05-2021 11:40:04 [class: Business.ApplicationFacade.ManagerRoleController,Line:59] - successfully added new employee EID: 17 to system
[DEBUG] 29-05-2021 11:40:04 [class: Business.ApplicationFacade.ManagerRoleController,Line:51] - enter add employee function
[DEBUG] 29-05-2021 11:40:04 [class: Business.ApplicationFacade.ManagerRoleController,Line:59] - successfully added new employee EID: 18 to system
[DEBUG] 29-05-2021 11:40:04 [class: Business.ApplicationFacade.ManagerRoleController,Line:51] - enter add employee function
[DEBUG] 29-05-2021 11:40:04 [class: Business.ApplicationFacade.ManagerRoleController,Line:59] - successfully added new employee EID: 19 to system
[DEBUG] 29-05-2021 11:40:04 [class: Business.ApplicationFacade.ManagerRoleController,Line:237] - entered default shifts function
[DEBUG] 29-05-2021 11:40:04 [class: Business.ApplicationFacade.ManagerRoleController,Line:239] - parsing strings to enum types of map
[DEBUG] 29-05-2021 11:40:04 [class: Business.Employees.ShiftPKG.ShiftController,Line:53] - default shifts defined
[DEBUG] 29-05-2021 11:40:04 [class: Business.ApplicationFacade.RegularRoleController,Line:57] - enter logout function when current connected id is: 2
[DEBUG] 29-05-2021 11:40:04 [class: Business.ApplicationFacade.RegularRoleController,Line:59] - successfully logged out - user fields are updated to -1 and null role
[DEBUG] 29-05-2021 11:40:04 [class: Business.ApplicationFacade.RegularRoleController,Line:168] - loading data of branch id: 3
[DEBUG] 29-05-2021 11:40:04 [class: Business.ApplicationFacade.RegularRoleController,Line:46] - entered login function with user id: 3
[DEBUG] 29-05-2021 11:40:04 [class: Business.ApplicationFacade.RegularRoleController,Line:48] - successfully logged in - user fields are updated to +3
[DEBUG] 29-05-2021 11:40:04 [class: Business.ApplicationFacade.ManagerRoleController,Line:51] - enter add employee function
[DEBUG] 29-05-2021 11:40:04 [class: Business.ApplicationFacade.ManagerRoleController,Line:59] - successfully added new employee EID: 20 to system
[DEBUG] 29-05-2021 11:40:04 [class: Business.ApplicationFacade.ManagerRoleController,Line:51] - enter add employee function
[DEBUG] 29-05-2021 11:40:04 [class: Business.ApplicationFacade.ManagerRoleController,Line:59] - successfully added new employee EID: 21 to system
[DEBUG] 29-05-2021 11:40:04 [class: Business.ApplicationFacade.ManagerRoleController,Line:51] - enter add employee function
[DEBUG] 29-05-2021 11:40:04 [class: Business.ApplicationFacade.ManagerRoleController,Line:59] - successfully added new employee EID: 22 to system
[DEBUG] 29-05-2021 11:40:04 [class: Business.ApplicationFacade.ManagerRoleController,Line:51] - enter add employee function
[DEBUG] 29-05-2021 11:40:04 [class: Business.ApplicationFacade.ManagerRoleController,Line:59] - successfully added new employee EID: 23 to system
[DEBUG] 29-05-2021 11:40:04 [class: Business.ApplicationFacade.ManagerRoleController,Line:51] - enter add employee function
[DEBUG] 29-05-2021 11:40:04 [class: Business.ApplicationFacade.ManagerRoleController,Line:59] - successfully added new employee EID: 24 to system
[DEBUG] 29-05-2021 11:40:04 [class: Business.ApplicationFacade.ManagerRoleController,Line:51] - enter add employee function
[DEBUG] 29-05-2021 11:40:04 [class: Business.ApplicationFacade.ManagerRoleController,Line:59] - successfully added new employee EID: 25 to system
[DEBUG] 29-05-2021 11:40:04 [class: Business.ApplicationFacade.ManagerRoleController,Line:51] - enter add employee function
[DEBUG] 29-05-2021 11:40:04 [class: Business.ApplicationFacade.ManagerRoleController,Line:59] - successfully added new employee EID: 26 to system
[DEBUG] 29-05-2021 11:40:04 [class: Business.ApplicationFacade.ManagerRoleController,Line:237] - entered default shifts function
[DEBUG] 29-05-2021 11:40:04 [class: Business.ApplicationFacade.ManagerRoleController,Line:239] - parsing strings to enum types of map
[DEBUG] 29-05-2021 11:40:04 [class: Business.Employees.ShiftPKG.ShiftController,Line:53] - default shifts defined
[DEBUG] 29-05-2021 11:40:04 [class: Business.ApplicationFacade.RegularRoleController,Line:57] - enter logout function when current connected id is: 3
[DEBUG] 29-05-2021 11:40:04 [class: Business.ApplicationFacade.RegularRoleController,Line:59] - successfully logged out - user fields are updated to -1 and null role
[DEBUG] 29-05-2021 11:40:04 [class: Business.ApplicationFacade.RegularRoleController,Line:168] - loading data of branch id: 1
[DEBUG] 29-05-2021 11:40:04 [class: Business.ApplicationFacade.RegularRoleController,Line:46] - entered login function with user id: 6
[DEBUG] 29-05-2021 11:40:04 [class: Business.ApplicationFacade.RegularRoleController,Line:48] - successfully logged in - user fields are updated to +6
[DEBUG] 29-05-2021 11:40:04 [class: Business.ApplicationFacade.RegularRoleController,Line:71] - enter add const constraint function
[DEBUG] 29-05-2021 11:40:04 [class: Business.Employees.ShiftPKG.ConstConstraint,Line:20] - Const constraint 1 created
[DEBUG] 29-05-2021 11:40:04 [class: Business.Employees.ShiftPKG.ShiftController,Line:35] - added new const constraint for EID: 6, Day: SUNDAY , ShiftType: Night
[DEBUG] 29-05-2021 11:40:04 [class: Business.ApplicationFacade.RegularRoleController,Line:73] - successfully added const constraint
[DEBUG] 29-05-2021 11:40:04 [class: Business.ApplicationFacade.RegularRoleController,Line:57] - enter logout function when current connected id is: 6
[DEBUG] 29-05-2021 11:40:04 [class: Business.ApplicationFacade.RegularRoleController,Line:59] - successfully logged out - user fields are updated to -1 and null role
[DEBUG] 29-05-2021 11:40:04 [class: Business.ApplicationFacade.RegularRoleController,Line:46] - entered login function with user id: 1
[DEBUG] 29-05-2021 11:40:04 [class: Business.ApplicationFacade.RegularRoleController,Line:48] - successfully logged in - user fields are updated to +1
[DEBUG] 29-05-2021 11:40:04 [class: Business.ApplicationFacade.RegularRoleController,Line:168] - loading data of branch id: 1
[DEBUG] 29-05-2021 11:40:04 [class: Business.ApplicationFacade.ManagerRoleController,Line:258] - entered create week shift function
[DEBUG] 29-05-2021 11:40:04 [class: Business.Employees.ShiftPKG.Shift,Line:41] - shift: 1 created
[DEBUG] 29-05-2021 11:40:04 [class: Business.Employees.ShiftPKG.TempConstraint,Line:17] - Temp constraint 2 created
[DEBUG] 29-05-2021 11:40:04 [class: Business.Employees.ShiftPKG.ShiftController,Line:287] - EID: 6 remove from optionals
[DEBUG] 29-05-2021 11:40:04 [class: Business.Employees.ShiftPKG.ShiftController,Line:287] - EID: 11 remove from optionals
[DEBUG] 29-05-2021 11:40:04 [class: Business.Employees.ShiftPKG.Shift,Line:41] - shift: 2 created
[DEBUG] 29-05-2021 11:40:04 [class: Business.Employees.ShiftPKG.Shift,Line:153] - EID: 12 remove from optionals
[DEBUG] 29-05-2021 11:40:04 [class: Business.Employees.ShiftPKG.TempConstraint,Line:17] - Temp constraint 3 created
[DEBUG] 29-05-2021 11:40:04 [class: Business.Employees.ShiftPKG.Shift,Line:41] - shift: 3 created
[DEBUG] 29-05-2021 11:40:04 [class: Business.Employees.ShiftPKG.TempConstraint,Line:17] - Temp constraint 4 created
[DEBUG] 29-05-2021 11:40:04 [class: Business.Employees.ShiftPKG.ShiftController,Line:287] - EID: 11 remove from optionals
[DEBUG] 29-05-2021 11:40:04 [class: Business.Employees.ShiftPKG.Shift,Line:41] - shift: 4 created
[DEBUG] 29-05-2021 11:40:04 [class: Business.Employees.ShiftPKG.Shift,Line:153] - EID: 12 remove from optionals
[DEBUG] 29-05-2021 11:40:04 [class: Business.Employees.ShiftPKG.TempConstraint,Line:17] - Temp constraint 5 created
[DEBUG] 29-05-2021 11:40:04 [class: Business.Employees.ShiftPKG.Shift,Line:41] - shift: 5 created
[DEBUG] 29-05-2021 11:40:04 [class: Business.Employees.ShiftPKG.TempConstraint,Line:17] - Temp constraint 6 created
[DEBUG] 29-05-2021 11:40:04 [class: Business.Employees.ShiftPKG.ShiftController,Line:287] - EID: 11 remove from optionals
[DEBUG] 29-05-2021 11:40:04 [class: Business.Employees.ShiftPKG.Shift,Line:41] - shift: 6 created
[DEBUG] 29-05-2021 11:40:04 [class: Business.Employees.ShiftPKG.Shift,Line:153] - EID: 12 remove from optionals
[DEBUG] 29-05-2021 11:40:04 [class: Business.Employees.ShiftPKG.TempConstraint,Line:17] - Temp constraint 7 created
[DEBUG] 29-05-2021 11:40:04 [class: Business.Employees.ShiftPKG.Shift,Line:41] - shift: 7 created
[DEBUG] 29-05-2021 11:40:04 [class: Business.Employees.ShiftPKG.TempConstraint,Line:17] - Temp constraint 8 created
[DEBUG] 29-05-2021 11:40:04 [class: Business.Employees.ShiftPKG.ShiftController,Line:287] - EID: 11 remove from optionals
[DEBUG] 29-05-2021 11:40:04 [class: Business.Employees.ShiftPKG.Shift,Line:41] - shift: 8 created
[DEBUG] 29-05-2021 11:40:04 [class: Business.Employees.ShiftPKG.Shift,Line:153] - EID: 12 remove from optionals
[DEBUG] 29-05-2021 11:40:04 [class: Business.Employees.ShiftPKG.TempConstraint,Line:17] - Temp constraint 9 created
[DEBUG] 29-05-2021 11:40:04 [class: Business.Employees.ShiftPKG.Shift,Line:41] - shift: 9 created
[DEBUG] 29-05-2021 11:40:04 [class: Business.Employees.ShiftPKG.TempConstraint,Line:17] - Temp constraint 10 created
[DEBUG] 29-05-2021 11:40:05 [class: Business.Employees.ShiftPKG.ShiftController,Line:287] - EID: 11 remove from optionals
[DEBUG] 29-05-2021 11:40:05 [class: Business.Employees.ShiftPKG.Shift,Line:41] - shift: 10 created
[DEBUG] 29-05-2021 11:40:05 [class: Business.Employees.ShiftPKG.Shift,Line:153] - EID: 12 remove from optionals
[DEBUG] 29-05-2021 11:40:05 [class: Business.Employees.ShiftPKG.TempConstraint,Line:17] - Temp constraint 11 created
[DEBUG] 29-05-2021 11:40:05 [class: Business.Employees.ShiftPKG.Shift,Line:41] - shift: 11 created
[DEBUG] 29-05-2021 11:40:05 [class: Business.Employees.ShiftPKG.TempConstraint,Line:17] - Temp constraint 12 created
[DEBUG] 29-05-2021 11:40:05 [class: Business.ApplicationFacade.Utils,Line:84] - converting shift of business layer to out objects list
[DEBUG] 29-05-2021 11:40:05 [class: Business.ApplicationFacade.Utils,Line:101] - Done.
[DEBUG] 29-05-2021 11:40:05 [class: Business.ApplicationFacade.RegularRoleController,Line:57] - enter logout function when current connected id is: 1
[DEBUG] 29-05-2021 11:40:05 [class: Business.ApplicationFacade.RegularRoleController,Line:59] - successfully logged out - user fields are updated to -1 and null role
[DEBUG] 29-05-2021 11:40:05 [class: Business.ApplicationFacade.ManagerRoleController,Line:51] - enter add employee function
[DEBUG] 29-05-2021 11:40:05 [class: Business.ApplicationFacade.ManagerRoleController,Line:51] - enter add employee function
[DEBUG] 29-05-2021 11:40:09 [class: Business.ApplicationFacade.RegularRoleController,Line:168] - loading data of branch id: 1
[DEBUG] 29-05-2021 11:40:10 [class: Business.ApplicationFacade.RegularRoleController,Line:46] - entered login function with user id: 1
[DEBUG] 29-05-2021 11:40:10 [class: Business.ApplicationFacade.RegularRoleController,Line:48] - successfully logged in - user fields are updated to +1
[DEBUG] 29-05-2021 11:40:17 [class: Business.ApplicationFacade.ManagerRoleController,Line:286] - entered get shifts and employees function
[DEBUG] 29-05-2021 11:40:17 [class: Business.ApplicationFacade.Utils,Line:84] - converting shift of business layer to out objects list
[DEBUG] 29-05-2021 11:40:17 [class: Business.ApplicationFacade.Utils,Line:101] - Done.
[DEBUG] 29-05-2021 11:40:20 [class: Business.ApplicationFacade.ManagerRoleController,Line:271] - entered self make week shift function
[DEBUG] 29-05-2021 11:40:20 [class: Business.Employees.ShiftPKG.Shift,Line:153] - EID: 11 remove from optionals
[DEBUG] 29-05-2021 11:40:20 [class: Business.Employees.ShiftPKG.TempConstraint,Line:17] - Temp constraint 13 created
[DEBUG] 29-05-2021 11:40:20 [class: Business.Employees.ShiftPKG.Shift,Line:153] - EID: 7 remove from optionals
[DEBUG] 29-05-2021 11:40:20 [class: Business.Employees.ShiftPKG.Shift,Line:153] - EID: 7 remove from optionals
[DEBUG] 29-05-2021 11:40:20 [class: Business.Employees.ShiftPKG.TempConstraint,Line:17] - Temp constraint 14 created
[DEBUG] 29-05-2021 11:40:20 [class: Business.Employees.ShiftPKG.Shift,Line:153] - EID: 12 remove from optionals
[DEBUG] 29-05-2021 11:40:20 [class: Business.Employees.ShiftPKG.TempConstraint,Line:17] - Temp constraint 15 created
[DEBUG] 29-05-2021 11:40:20 [class: Business.Employees.ShiftPKG.Shift,Line:153] - EID: 11 remove from optionals
[DEBUG] 29-05-2021 11:40:20 [class: Business.Employees.ShiftPKG.TempConstraint,Line:17] - Temp constraint 16 created
[DEBUG] 29-05-2021 11:40:20 [class: Business.Employees.ShiftPKG.Shift,Line:153] - EID: 7 remove from optionals
[DEBUG] 29-05-2021 11:40:20 [class: Business.Employees.ShiftPKG.Shift,Line:153] - EID: 7 remove from optionals
[DEBUG] 29-05-2021 11:40:20 [class: Business.Employees.ShiftPKG.TempConstraint,Line:17] - Temp constraint 17 created
[DEBUG] 29-05-2021 11:40:20 [class: Business.Employees.ShiftPKG.Shift,Line:153] - EID: 12 remove from optionals
[DEBUG] 29-05-2021 11:40:20 [class: Business.Employees.ShiftPKG.TempConstraint,Line:17] - Temp constraint 18 created
[DEBUG] 29-05-2021 11:40:20 [class: Business.Employees.ShiftPKG.Shift,Line:153] - EID: 11 remove from optionals
[DEBUG] 29-05-2021 11:40:20 [class: Business.Employees.ShiftPKG.TempConstraint,Line:17] - Temp constraint 19 created
[DEBUG] 29-05-2021 11:40:20 [class: Business.Employees.ShiftPKG.Shift,Line:153] - EID: 7 remove from optionals
[DEBUG] 29-05-2021 11:40:20 [class: Business.Employees.ShiftPKG.Shift,Line:153] - EID: 7 remove from optionals
[DEBUG] 29-05-2021 11:40:20 [class: Business.Employees.ShiftPKG.TempConstraint,Line:17] - Temp constraint 20 created
[DEBUG] 29-05-2021 11:40:20 [class: Business.Employees.ShiftPKG.Shift,Line:153] - EID: 12 remove from optionals
[DEBUG] 29-05-2021 11:40:20 [class: Business.Employees.ShiftPKG.TempConstraint,Line:17] - Temp constraint 21 created
[DEBUG] 29-05-2021 11:40:20 [class: Business.Employees.ShiftPKG.Shift,Line:153] - EID: 11 remove from optionals
[DEBUG] 29-05-2021 11:40:20 [class: Business.Employees.ShiftPKG.TempConstraint,Line:17] - Temp constraint 22 created
[DEBUG] 29-05-2021 11:40:20 [class: Business.Employees.ShiftPKG.Shift,Line:153] - EID: 7 remove from optionals
[DEBUG] 29-05-2021 11:40:20 [class: Business.Employees.ShiftPKG.Shift,Line:153] - EID: 7 remove from optionals
[DEBUG] 29-05-2021 11:40:20 [class: Business.Employees.ShiftPKG.TempConstraint,Line:17] - Temp constraint 23 created
[DEBUG] 29-05-2021 11:40:20 [class: Business.Employees.ShiftPKG.Shift,Line:153] - EID: 12 remove from optionals
[DEBUG] 29-05-2021 11:40:20 [class: Business.Employees.ShiftPKG.TempConstraint,Line:17] - Temp constraint 24 created
[DEBUG] 29-05-2021 11:40:20 [class: Business.Employees.ShiftPKG.Shift,Line:153] - EID: 11 remove from optionals
[DEBUG] 29-05-2021 11:40:20 [class: Business.Employees.ShiftPKG.TempConstraint,Line:17] - Temp constraint 25 created
[DEBUG] 29-05-2021 11:40:20 [class: Business.Employees.ShiftPKG.Shift,Line:153] - EID: 7 remove from optionals
[DEBUG] 29-05-2021 11:40:20 [class: Business.Employees.ShiftPKG.Shift,Line:153] - EID: 7 remove from optionals
[DEBUG] 29-05-2021 11:40:20 [class: Business.Employees.ShiftPKG.TempConstraint,Line:17] - Temp constraint 26 created
[DEBUG] 29-05-2021 11:40:21 [class: Business.Employees.ShiftPKG.Shift,Line:153] - EID: 12 remove from optionals
[DEBUG] 29-05-2021 11:40:21 [class: Business.Employees.ShiftPKG.TempConstraint,Line:17] - Temp constraint 27 created
[DEBUG] 29-05-2021 11:40:21 [class: Business.Employees.ShiftPKG.TempConstraint,Line:17] - Temp constraint 28 created
[DEBUG] 29-05-2021 11:40:21 [class: Business.ApplicationFacade.ManagerRoleController,Line:274] - returned to EmployeePKG successfully
[DEBUG] 29-05-2021 11:40:22 [class: Business.ApplicationFacade.ManagerRoleController,Line:286] - entered get shifts and employees function
[DEBUG] 29-05-2021 11:40:22 [class: Business.ApplicationFacade.Utils,Line:84] - converting shift of business layer to out objects list
[DEBUG] 29-05-2021 11:40:22 [class: Business.ApplicationFacade.Utils,Line:101] - Done.
[DEBUG] 29-05-2021 11:40:33 [class: Business.ApplicationFacade.ManagerRoleController,Line:286] - entered get shifts and employees function
[DEBUG] 29-05-2021 11:40:33 [class: Business.ApplicationFacade.Utils,Line:84] - converting shift of business layer to out objects list
[DEBUG] 29-05-2021 11:40:33 [class: Business.ApplicationFacade.Utils,Line:101] - Done.
[DEBUG] 29-05-2021 11:41:16 [class: Business.ApplicationFacade.ManagerRoleController,Line:51] - enter add employee function
[DEBUG] 29-05-2021 11:41:16 [class: Business.ApplicationFacade.ManagerRoleController,Line:59] - successfully added new employee EID: 22 to system
[DEBUG] 29-05-2021 11:41:27 [class: Business.ApplicationFacade.ManagerRoleController,Line:286] - entered get shifts and employees function
[DEBUG] 29-05-2021 11:41:27 [class: Business.ApplicationFacade.Utils,Line:84] - converting shift of business layer to out objects list
[DEBUG] 29-05-2021 11:41:27 [class: Business.ApplicationFacade.Utils,Line:101] - Done.
[DEBUG] 29-05-2021 11:41:55 [class: Business.ApplicationFacade.ManagerRoleController,Line:286] - entered get shifts and employees function
[DEBUG] 29-05-2021 11:41:55 [class: Business.ApplicationFacade.Utils,Line:84] - converting shift of business layer to out objects list
[DEBUG] 29-05-2021 11:41:55 [class: Business.ApplicationFacade.Utils,Line:101] - Done.
[DEBUG] 29-05-2021 11:42:56 [class: Business.ApplicationFacade.ManagerRoleController,Line:286] - entered get shifts and employees function
[DEBUG] 29-05-2021 11:42:56 [class: Business.ApplicationFacade.Utils,Line:84] - converting shift of business layer to out objects list
[DEBUG] 29-05-2021 11:42:56 [class: Business.ApplicationFacade.Utils,Line:101] - Done.
[DEBUG] 29-05-2021 11:43:45 [class: Business.ApplicationFacade.ManagerRoleController,Line:286] - entered get shifts and employees function
[DEBUG] 29-05-2021 11:43:45 [class: Business.ApplicationFacade.Utils,Line:84] - converting shift of business layer to out objects list
[DEBUG] 29-05-2021 11:43:45 [class: Business.ApplicationFacade.Utils,Line:101] - Done.
[DEBUG] 29-05-2021 11:44:05 [class: Business.ApplicationFacade.ManagerRoleController,Line:300] - entered remove employee from shift functions
[DEBUG] 29-05-2021 11:44:05 [class: Business.Employees.ShiftPKG.Shift,Line:124] - EID: 7removed from SID: 8
[DEBUG] 29-05-2021 11:44:05 [class: Business.Employees.ShiftPKG.ShiftController,Line:197] - Build constraint - CID: 23 removed
[DEBUG] 29-05-2021 11:44:10 [class: Business.ApplicationFacade.ManagerRoleController,Line:286] - entered get shifts and employees function
[DEBUG] 29-05-2021 11:44:10 [class: Business.ApplicationFacade.Utils,Line:84] - converting shift of business layer to out objects list
[DEBUG] 29-05-2021 11:44:10 [class: Business.ApplicationFacade.Utils,Line:101] - Done.
[DEBUG] 29-05-2021 11:45:07 [class: Business.ApplicationFacade.ManagerRoleController,Line:286] - entered get shifts and employees function
[DEBUG] 29-05-2021 11:45:07 [class: Business.ApplicationFacade.Utils,Line:84] - converting shift of business layer to out objects list
[DEBUG] 29-05-2021 11:45:07 [class: Business.ApplicationFacade.Utils,Line:101] - Done.
[DEBUG] 29-05-2021 11:45:23 [class: Business.ApplicationFacade.ManagerRoleController,Line:331] - entered update amount in role function
[DEBUG] 29-05-2021 11:45:23 [class: Business.ApplicationFacade.ManagerRoleController,Line:334] - updated amount of role
[DEBUG] 29-05-2021 11:45:27 [class: Business.ApplicationFacade.ManagerRoleController,Line:286] - entered get shifts and employees function
[DEBUG] 29-05-2021 11:45:27 [class: Business.ApplicationFacade.Utils,Line:84] - converting shift of business layer to out objects list
[DEBUG] 29-05-2021 11:45:27 [class: Business.ApplicationFacade.Utils,Line:101] - Done.
